2024-04-08 04:02:14 - #----------Config info----------#
2024-04-08 04:02:14 - network: UltraLight_VM_UNet,
2024-04-08 04:02:14 - test_weights: ,
2024-04-08 04:02:14 - datasets: ISIC2017,
2024-04-08 04:02:14 - data_path: /home/ljc/data/ISIC2017/,
2024-04-08 04:02:14 - model_config: {'num_classes': 1, 'input_channels': 3, 'c_list': [8, 16, 24, 32, 48, 64], 'split_att': 'fc', 'bridge': True},
2024-04-08 04:02:14 - criterion: BceDiceLoss(
  (bce): BCELoss(
    (bceloss): BCELoss()
  )
  (dice): DiceLoss()
),
2024-04-08 04:02:14 - num_classes: 1,
2024-04-08 04:02:14 - input_size_h: 256,
2024-04-08 04:02:14 - input_size_w: 256,
2024-04-08 04:02:14 - input_channels: 3,
2024-04-08 04:02:14 - distributed: False,
2024-04-08 04:02:14 - local_rank: -1,
2024-04-08 04:02:14 - num_workers: 0,
2024-04-08 04:02:14 - seed: 42,
2024-04-08 04:02:14 - world_size: None,
2024-04-08 04:02:14 - rank: None,
2024-04-08 04:02:14 - amp: False,
2024-04-08 04:02:14 - batch_size: 24,
2024-04-08 04:02:14 - epochs: 250,
2024-04-08 04:02:14 - work_dir: ~/results_0407/UltraLight_VM_UNet_ISIC2017_channel_epoch250/,
2024-04-08 04:02:14 - print_interval: 20,
2024-04-08 04:02:14 - val_interval: 30,
2024-04-08 04:02:14 - save_interval: 100,
2024-04-08 04:02:14 - threshold: 0.5,
2024-04-08 04:02:14 - opt: AdamW,
2024-04-08 04:02:14 - lr: 0.001,
2024-04-08 04:02:14 - betas: (0.9, 0.999),
2024-04-08 04:02:14 - eps: 1e-08,
2024-04-08 04:02:14 - weight_decay: 0.01,
2024-04-08 04:02:14 - amsgrad: False,
2024-04-08 04:02:14 - sch: CosineAnnealingLR,
2024-04-08 04:02:14 - T_max: 50,
2024-04-08 04:02:14 - eta_min: 1e-05,
2024-04-08 04:02:14 - last_epoch: -1,
2024-04-08 04:02:19 - train: epoch 1, iter:0, loss: 2.6669, lr: 0.001
2024-04-08 04:02:21 - train: epoch 1, iter:20, loss: 1.0187, lr: 0.001
2024-04-08 04:02:23 - train: epoch 1, iter:40, loss: 0.7844, lr: 0.001
2024-04-08 04:02:24 - val epoch: 1, loss: 0.5796
2024-04-08 04:02:24 - train: epoch 2, iter:0, loss: 0.6441, lr: 0.0009990232305719944
2024-04-08 04:02:26 - train: epoch 2, iter:20, loss: 0.5322, lr: 0.0009990232305719944
2024-04-08 04:02:28 - train: epoch 2, iter:40, loss: 0.4863, lr: 0.0009990232305719944
2024-04-08 04:02:30 - val epoch: 2, loss: 0.4894
2024-04-08 04:02:30 - train: epoch 3, iter:0, loss: 0.2747, lr: 0.0009960967771506664
2024-04-08 04:02:32 - train: epoch 3, iter:20, loss: 0.3937, lr: 0.0009960967771506664
2024-04-08 04:02:34 - train: epoch 3, iter:40, loss: 0.4107, lr: 0.0009960967771506664
2024-04-08 04:02:35 - val epoch: 3, loss: 0.4695
2024-04-08 04:02:36 - train: epoch 4, iter:0, loss: 0.4532, lr: 0.0009912321891107007
2024-04-08 04:02:37 - train: epoch 4, iter:20, loss: 0.3782, lr: 0.0009912321891107007
2024-04-08 04:02:39 - train: epoch 4, iter:40, loss: 0.3877, lr: 0.0009912321891107007
2024-04-08 04:02:41 - val epoch: 4, loss: 0.4959
2024-04-08 04:02:41 - train: epoch 5, iter:0, loss: 0.3133, lr: 0.0009844486647586721
2024-04-08 04:02:43 - train: epoch 5, iter:20, loss: 0.3595, lr: 0.0009844486647586721
2024-04-08 04:02:45 - train: epoch 5, iter:40, loss: 0.3657, lr: 0.0009844486647586721
2024-04-08 04:02:47 - val epoch: 5, loss: 0.4095
2024-04-08 04:02:47 - train: epoch 6, iter:0, loss: 0.2819, lr: 0.0009757729755661009
2024-04-08 04:02:49 - train: epoch 6, iter:20, loss: 0.3878, lr: 0.0009757729755661009
2024-04-08 04:02:51 - train: epoch 6, iter:40, loss: 0.3635, lr: 0.0009757729755661009
2024-04-08 04:02:52 - val epoch: 6, loss: 0.4562
2024-04-08 04:02:53 - train: epoch 7, iter:0, loss: 0.3810, lr: 0.0009652393605146842
2024-04-08 04:02:54 - train: epoch 7, iter:20, loss: 0.3353, lr: 0.0009652393605146842
2024-04-08 04:02:56 - train: epoch 7, iter:40, loss: 0.3355, lr: 0.0009652393605146842
2024-04-08 04:02:58 - val epoch: 7, loss: 0.5398
2024-04-08 04:02:58 - train: epoch 8, iter:0, loss: 0.2673, lr: 0.0009528893909706795
2024-04-08 04:03:00 - train: epoch 8, iter:20, loss: 0.3329, lr: 0.0009528893909706795
2024-04-08 04:03:02 - train: epoch 8, iter:40, loss: 0.3188, lr: 0.0009528893909706795
2024-04-08 04:03:04 - val epoch: 8, loss: 0.4075
2024-04-08 04:03:04 - train: epoch 9, iter:0, loss: 0.3923, lr: 0.0009387718066217122
2024-04-08 04:03:06 - train: epoch 9, iter:20, loss: 0.3185, lr: 0.0009387718066217122
2024-04-08 04:03:08 - train: epoch 9, iter:40, loss: 0.3188, lr: 0.0009387718066217122
2024-04-08 04:03:10 - val epoch: 9, loss: 0.4285
2024-04-08 04:03:10 - train: epoch 10, iter:0, loss: 0.2716, lr: 0.0009229423231234972
2024-04-08 04:03:12 - train: epoch 10, iter:20, loss: 0.3711, lr: 0.0009229423231234972
2024-04-08 04:03:13 - train: epoch 10, iter:40, loss: 0.3563, lr: 0.0009229423231234972
2024-04-08 04:03:15 - val epoch: 10, loss: 0.3834
2024-04-08 04:03:15 - train: epoch 11, iter:0, loss: 0.3120, lr: 0.0009054634122155987
2024-04-08 04:03:17 - train: epoch 11, iter:20, loss: 0.3120, lr: 0.0009054634122155987
2024-04-08 04:03:19 - train: epoch 11, iter:40, loss: 0.3020, lr: 0.0009054634122155987
2024-04-08 04:03:21 - val epoch: 11, loss: 0.3692
2024-04-08 04:03:21 - train: epoch 12, iter:0, loss: 0.4098, lr: 0.0008864040551740153
2024-04-08 04:03:23 - train: epoch 12, iter:20, loss: 0.2764, lr: 0.0008864040551740153
2024-04-08 04:03:25 - train: epoch 12, iter:40, loss: 0.2902, lr: 0.0008864040551740153
2024-04-08 04:03:26 - val epoch: 12, loss: 0.3906
2024-04-08 04:03:27 - train: epoch 13, iter:0, loss: 0.3425, lr: 0.0008658394705735984
2024-04-08 04:03:28 - train: epoch 13, iter:20, loss: 0.2753, lr: 0.0008658394705735984
2024-04-08 04:03:30 - train: epoch 13, iter:40, loss: 0.2887, lr: 0.0008658394705735984
2024-04-08 04:03:32 - val epoch: 13, loss: 0.3632
2024-04-08 04:03:32 - train: epoch 14, iter:0, loss: 0.2273, lr: 0.0008438508174347006
2024-04-08 04:03:34 - train: epoch 14, iter:20, loss: 0.2903, lr: 0.0008438508174347006
2024-04-08 04:03:36 - train: epoch 14, iter:40, loss: 0.2803, lr: 0.0008438508174347006
2024-04-08 04:03:38 - val epoch: 14, loss: 0.3654
2024-04-08 04:03:38 - train: epoch 15, iter:0, loss: 0.3330, lr: 0.000820524874925601
2024-04-08 04:03:40 - train: epoch 15, iter:20, loss: 0.2695, lr: 0.000820524874925601
2024-04-08 04:03:41 - train: epoch 15, iter:40, loss: 0.2682, lr: 0.000820524874925601
2024-04-08 04:03:43 - val epoch: 15, loss: 0.3466
2024-04-08 04:03:43 - train: epoch 16, iter:0, loss: 0.1669, lr: 0.000795953699884774
2024-04-08 04:03:45 - train: epoch 16, iter:20, loss: 0.2932, lr: 0.000795953699884774
2024-04-08 04:03:47 - train: epoch 16, iter:40, loss: 0.2892, lr: 0.000795953699884774
2024-04-08 04:03:49 - val epoch: 16, loss: 0.3544
2024-04-08 04:03:49 - train: epoch 17, iter:0, loss: 0.2628, lr: 0.000770234263514603
2024-04-08 04:03:51 - train: epoch 17, iter:20, loss: 0.2795, lr: 0.000770234263514603
2024-04-08 04:03:53 - train: epoch 17, iter:40, loss: 0.2661, lr: 0.000770234263514603
2024-04-08 04:03:55 - val epoch: 17, loss: 0.3474
2024-04-08 04:03:55 - train: epoch 18, iter:0, loss: 0.2405, lr: 0.0007434680686803488
2024-04-08 04:03:57 - train: epoch 18, iter:20, loss: 0.2371, lr: 0.0007434680686803488
2024-04-08 04:03:59 - train: epoch 18, iter:40, loss: 0.2468, lr: 0.0007434680686803488
2024-04-08 04:04:00 - val epoch: 18, loss: 0.3449
2024-04-08 04:04:01 - train: epoch 19, iter:0, loss: 0.3007, lr: 0.0007157607493247108
2024-04-08 04:04:03 - train: epoch 19, iter:20, loss: 0.2516, lr: 0.0007157607493247108
2024-04-08 04:04:04 - train: epoch 19, iter:40, loss: 0.2392, lr: 0.0007157607493247108
2024-04-08 04:04:06 - val epoch: 19, loss: 0.3199
2024-04-08 04:04:06 - train: epoch 20, iter:0, loss: 0.2192, lr: 0.0006872216535789154
2024-04-08 04:04:08 - train: epoch 20, iter:20, loss: 0.2458, lr: 0.0006872216535789154
2024-04-08 04:04:10 - train: epoch 20, iter:40, loss: 0.2410, lr: 0.0006872216535789154
2024-04-08 04:04:12 - val epoch: 20, loss: 0.3082
2024-04-08 04:04:12 - train: epoch 21, iter:0, loss: 0.1744, lr: 0.0006579634122155987
2024-04-08 04:04:14 - train: epoch 21, iter:20, loss: 0.2349, lr: 0.0006579634122155987
2024-04-08 04:04:16 - train: epoch 21, iter:40, loss: 0.2330, lr: 0.0006579634122155987
2024-04-08 04:04:18 - val epoch: 21, loss: 0.3395
2024-04-08 04:04:18 - train: epoch 22, iter:0, loss: 0.2207, lr: 0.0006281014941466028
2024-04-08 04:04:20 - train: epoch 22, iter:20, loss: 0.2406, lr: 0.0006281014941466028
2024-04-08 04:04:22 - train: epoch 22, iter:40, loss: 0.2434, lr: 0.0006281014941466028
2024-04-08 04:04:23 - val epoch: 22, loss: 0.3049
2024-04-08 04:04:23 - train: epoch 23, iter:0, loss: 0.2937, lr: 0.0005977537507199335
2024-04-08 04:04:25 - train: epoch 23, iter:20, loss: 0.2363, lr: 0.0005977537507199335
2024-04-08 04:04:27 - train: epoch 23, iter:40, loss: 0.2354, lr: 0.0005977537507199335
2024-04-08 04:04:29 - val epoch: 23, loss: 0.2966
2024-04-08 04:04:29 - train: epoch 24, iter:0, loss: 0.2381, lr: 0.0005670399506143305
2024-04-08 04:04:31 - train: epoch 24, iter:20, loss: 0.2296, lr: 0.0005670399506143305
2024-04-08 04:04:33 - train: epoch 24, iter:40, loss: 0.2368, lr: 0.0005670399506143305
2024-04-08 04:04:35 - val epoch: 24, loss: 0.3332
2024-04-08 04:04:35 - train: epoch 25, iter:0, loss: 0.3077, lr: 0.0005360813071670099
2024-04-08 04:04:37 - train: epoch 25, iter:20, loss: 0.2468, lr: 0.0005360813071670099
2024-04-08 04:04:39 - train: epoch 25, iter:40, loss: 0.2284, lr: 0.0005360813071670099
2024-04-08 04:04:40 - val epoch: 25, loss: 0.2971
2024-04-08 04:04:41 - train: epoch 26, iter:0, loss: 0.2790, lr: 0.0005049999999999998
2024-04-08 04:04:42 - train: epoch 26, iter:20, loss: 0.2277, lr: 0.0005049999999999998
2024-04-08 04:04:44 - train: epoch 26, iter:40, loss: 0.2232, lr: 0.0005049999999999998
2024-04-08 04:04:46 - val epoch: 26, loss: 0.3322
2024-04-08 04:04:46 - train: epoch 27, iter:0, loss: 0.2704, lr: 0.0004739186928329897
2024-04-08 04:04:48 - train: epoch 27, iter:20, loss: 0.2321, lr: 0.0004739186928329897
2024-04-08 04:04:50 - train: epoch 27, iter:40, loss: 0.2280, lr: 0.0004739186928329897
2024-04-08 04:04:52 - val epoch: 27, loss: 0.2854
2024-04-08 04:04:52 - train: epoch 28, iter:0, loss: 0.1878, lr: 0.0004429600493856692
2024-04-08 04:04:54 - train: epoch 28, iter:20, loss: 0.1958, lr: 0.0004429600493856692
2024-04-08 04:04:56 - train: epoch 28, iter:40, loss: 0.2133, lr: 0.0004429600493856692
2024-04-08 04:04:58 - val epoch: 28, loss: 0.3541
2024-04-08 04:04:58 - train: epoch 29, iter:0, loss: 0.2227, lr: 0.0004122462492800661
2024-04-08 04:05:00 - train: epoch 29, iter:20, loss: 0.2873, lr: 0.0004122462492800661
2024-04-08 04:05:02 - train: epoch 29, iter:40, loss: 0.2704, lr: 0.0004122462492800661
2024-04-08 04:05:03 - val epoch: 29, loss: 0.3090
2024-04-08 04:05:04 - train: epoch 30, iter:0, loss: 0.3394, lr: 0.0003818985058533967
2024-04-08 04:05:06 - train: epoch 30, iter:20, loss: 0.2405, lr: 0.0003818985058533967
2024-04-08 04:05:08 - train: epoch 30, iter:40, loss: 0.2252, lr: 0.0003818985058533967
2024-04-08 04:05:10 - val epoch: 30, loss: 0.3117, miou: 0.6558339046704307, f1_or_dsc: 0.7921493850567877, accuracy: 0.9667566935221354,                 specificity: 0.9822730417441596, sensitivity: 0.7890124231078676, confusion_matrix: [[8880873  160272]
 [ 166523  622732]]
2024-04-08 04:05:10 - train: epoch 31, iter:0, loss: 0.2520, lr: 0.00035203658778440103
2024-04-08 04:05:12 - train: epoch 31, iter:20, loss: 0.2354, lr: 0.00035203658778440103
2024-04-08 04:05:14 - train: epoch 31, iter:40, loss: 0.2265, lr: 0.00035203658778440103
2024-04-08 04:05:16 - val epoch: 31, loss: 0.3104
2024-04-08 04:05:16 - train: epoch 32, iter:0, loss: 0.2171, lr: 0.00032277834642108444
2024-04-08 04:05:18 - train: epoch 32, iter:20, loss: 0.2144, lr: 0.00032277834642108444
2024-04-08 04:05:20 - train: epoch 32, iter:40, loss: 0.2186, lr: 0.00032277834642108444
2024-04-08 04:05:21 - val epoch: 32, loss: 0.3020
2024-04-08 04:05:21 - train: epoch 33, iter:0, loss: 0.1880, lr: 0.0002942392506752889
2024-04-08 04:05:24 - train: epoch 33, iter:20, loss: 0.2214, lr: 0.0002942392506752889
2024-04-08 04:05:26 - train: epoch 33, iter:40, loss: 0.2183, lr: 0.0002942392506752889
2024-04-08 04:05:28 - val epoch: 33, loss: 0.3010
2024-04-08 04:05:28 - train: epoch 34, iter:0, loss: 0.1704, lr: 0.00026653193131965077
2024-04-08 04:05:30 - train: epoch 34, iter:20, loss: 0.2004, lr: 0.00026653193131965077
2024-04-08 04:05:32 - train: epoch 34, iter:40, loss: 0.2100, lr: 0.00026653193131965077
2024-04-08 04:05:33 - val epoch: 34, loss: 0.3097
2024-04-08 04:05:33 - train: epoch 35, iter:0, loss: 0.1864, lr: 0.00023976573648539642
2024-04-08 04:05:35 - train: epoch 35, iter:20, loss: 0.2152, lr: 0.00023976573648539642
2024-04-08 04:05:37 - train: epoch 35, iter:40, loss: 0.2025, lr: 0.00023976573648539642
2024-04-08 04:05:39 - val epoch: 35, loss: 0.3036
2024-04-08 04:05:39 - train: epoch 36, iter:0, loss: 0.1973, lr: 0.00021404630011522574
2024-04-08 04:05:41 - train: epoch 36, iter:20, loss: 0.2056, lr: 0.00021404630011522574
2024-04-08 04:05:43 - train: epoch 36, iter:40, loss: 0.2057, lr: 0.00021404630011522574
2024-04-08 04:05:45 - val epoch: 36, loss: 0.2904
2024-04-08 04:05:45 - train: epoch 37, iter:0, loss: 0.1729, lr: 0.00018947512507439847
2024-04-08 04:05:47 - train: epoch 37, iter:20, loss: 0.2024, lr: 0.00018947512507439847
2024-04-08 04:05:48 - train: epoch 37, iter:40, loss: 0.2086, lr: 0.00018947512507439847
2024-04-08 04:05:50 - val epoch: 37, loss: 0.2911
2024-04-08 04:05:50 - train: epoch 38, iter:0, loss: 0.2255, lr: 0.000166149182565299
2024-04-08 04:05:52 - train: epoch 38, iter:20, loss: 0.2019, lr: 0.000166149182565299
2024-04-08 04:05:54 - train: epoch 38, iter:40, loss: 0.2057, lr: 0.000166149182565299
2024-04-08 04:05:56 - val epoch: 38, loss: 0.2902
2024-04-08 04:05:56 - train: epoch 39, iter:0, loss: 0.2193, lr: 0.00014416052942640132
2024-04-08 04:05:58 - train: epoch 39, iter:20, loss: 0.1997, lr: 0.00014416052942640132
2024-04-08 04:06:00 - train: epoch 39, iter:40, loss: 0.2047, lr: 0.00014416052942640132
2024-04-08 04:06:02 - val epoch: 39, loss: 0.2845
2024-04-08 04:06:02 - train: epoch 40, iter:0, loss: 0.1916, lr: 0.00012359594482598432
2024-04-08 04:06:04 - train: epoch 40, iter:20, loss: 0.1944, lr: 0.00012359594482598432
2024-04-08 04:06:06 - train: epoch 40, iter:40, loss: 0.1999, lr: 0.00012359594482598432
2024-04-08 04:06:07 - val epoch: 40, loss: 0.2888
2024-04-08 04:06:08 - train: epoch 41, iter:0, loss: 0.1944, lr: 0.00010453658778440102
2024-04-08 04:06:09 - train: epoch 41, iter:20, loss: 0.2181, lr: 0.00010453658778440102
2024-04-08 04:06:11 - train: epoch 41, iter:40, loss: 0.2051, lr: 0.00010453658778440102
2024-04-08 04:06:13 - val epoch: 41, loss: 0.2874
2024-04-08 04:06:13 - train: epoch 42, iter:0, loss: 0.1998, lr: 8.70576768765026e-05
2024-04-08 04:06:15 - train: epoch 42, iter:20, loss: 0.2020, lr: 8.70576768765026e-05
2024-04-08 04:06:17 - train: epoch 42, iter:40, loss: 0.1983, lr: 8.70576768765026e-05
2024-04-08 04:06:19 - val epoch: 42, loss: 0.2897
2024-04-08 04:06:19 - train: epoch 43, iter:0, loss: 0.2080, lr: 7.12281933782875e-05
2024-04-08 04:06:21 - train: epoch 43, iter:20, loss: 0.2020, lr: 7.12281933782875e-05
2024-04-08 04:06:23 - train: epoch 43, iter:40, loss: 0.1985, lr: 7.12281933782875e-05
2024-04-08 04:06:24 - val epoch: 43, loss: 0.2907
2024-04-08 04:06:25 - train: epoch 44, iter:0, loss: 0.2050, lr: 5.71106090293204e-05
2024-04-08 04:06:26 - train: epoch 44, iter:20, loss: 0.2076, lr: 5.71106090293204e-05
2024-04-08 04:06:28 - train: epoch 44, iter:40, loss: 0.1991, lr: 5.71106090293204e-05
2024-04-08 04:06:30 - val epoch: 44, loss: 0.2913
2024-04-08 04:06:30 - train: epoch 45, iter:0, loss: 0.1964, lr: 4.4760639485315563e-05
2024-04-08 04:06:32 - train: epoch 45, iter:20, loss: 0.1990, lr: 4.4760639485315563e-05
2024-04-08 04:06:34 - train: epoch 45, iter:40, loss: 0.1979, lr: 4.4760639485315563e-05
2024-04-08 04:06:36 - val epoch: 45, loss: 0.2889
2024-04-08 04:06:36 - train: epoch 46, iter:0, loss: 0.1708, lr: 3.422702443389899e-05
2024-04-08 04:06:38 - train: epoch 46, iter:20, loss: 0.2023, lr: 3.422702443389899e-05
2024-04-08 04:06:39 - train: epoch 46, iter:40, loss: 0.1933, lr: 3.422702443389899e-05
2024-04-08 04:06:41 - val epoch: 46, loss: 0.2894
2024-04-08 04:06:41 - train: epoch 47, iter:0, loss: 0.2272, lr: 2.5551335241327665e-05
2024-04-08 04:06:43 - train: epoch 47, iter:20, loss: 0.2051, lr: 2.5551335241327665e-05
2024-04-08 04:06:45 - train: epoch 47, iter:40, loss: 0.1983, lr: 2.5551335241327665e-05
2024-04-08 04:06:47 - val epoch: 47, loss: 0.2878
2024-04-08 04:06:47 - train: epoch 48, iter:0, loss: 0.2077, lr: 1.876781088929908e-05
2024-04-08 04:06:49 - train: epoch 48, iter:20, loss: 0.1922, lr: 1.876781088929908e-05
2024-04-08 04:06:51 - train: epoch 48, iter:40, loss: 0.1923, lr: 1.876781088929908e-05
2024-04-08 04:06:53 - val epoch: 48, loss: 0.2882
2024-04-08 04:06:53 - train: epoch 49, iter:0, loss: 0.1755, lr: 1.3903222849333505e-05
2024-04-08 04:06:55 - train: epoch 49, iter:20, loss: 0.1952, lr: 1.3903222849333505e-05
2024-04-08 04:06:56 - train: epoch 49, iter:40, loss: 0.1935, lr: 1.3903222849333505e-05
2024-04-08 04:06:58 - val epoch: 49, loss: 0.2875
2024-04-08 04:06:58 - train: epoch 50, iter:0, loss: 0.1858, lr: 1.0976769428005579e-05
2024-04-08 04:07:00 - train: epoch 50, iter:20, loss: 0.1958, lr: 1.0976769428005579e-05
2024-04-08 04:07:02 - train: epoch 50, iter:40, loss: 0.2025, lr: 1.0976769428005579e-05
2024-04-08 04:07:04 - val epoch: 50, loss: 0.2865
2024-04-08 04:07:04 - train: epoch 51, iter:0, loss: 0.1920, lr: 1e-05
2024-04-08 04:07:06 - train: epoch 51, iter:20, loss: 0.1968, lr: 1e-05
2024-04-08 04:07:08 - train: epoch 51, iter:40, loss: 0.1920, lr: 1e-05
2024-04-08 04:07:10 - val epoch: 51, loss: 0.2873
2024-04-08 04:07:10 - train: epoch 52, iter:0, loss: 0.2325, lr: 1.0976769428005579e-05
2024-04-08 04:07:12 - train: epoch 52, iter:20, loss: 0.1994, lr: 1.0976769428005579e-05
2024-04-08 04:07:14 - train: epoch 52, iter:40, loss: 0.1974, lr: 1.0976769428005579e-05
2024-04-08 04:07:15 - val epoch: 52, loss: 0.2868
2024-04-08 04:07:15 - train: epoch 53, iter:0, loss: 0.2199, lr: 1.3903222849333451e-05
2024-04-08 04:07:17 - train: epoch 53, iter:20, loss: 0.2046, lr: 1.3903222849333451e-05
2024-04-08 04:07:19 - train: epoch 53, iter:40, loss: 0.1944, lr: 1.3903222849333451e-05
2024-04-08 04:07:21 - val epoch: 53, loss: 0.2864
2024-04-08 04:07:21 - train: epoch 54, iter:0, loss: 0.1929, lr: 1.8767810889299133e-05
2024-04-08 04:07:23 - train: epoch 54, iter:20, loss: 0.1845, lr: 1.8767810889299133e-05
2024-04-08 04:07:25 - train: epoch 54, iter:40, loss: 0.1912, lr: 1.8767810889299133e-05
2024-04-08 04:07:27 - val epoch: 54, loss: 0.2856
2024-04-08 04:07:27 - train: epoch 55, iter:0, loss: 0.2199, lr: 2.555133524132755e-05
2024-04-08 04:07:29 - train: epoch 55, iter:20, loss: 0.1910, lr: 2.555133524132755e-05
2024-04-08 04:07:31 - train: epoch 55, iter:40, loss: 0.1961, lr: 2.555133524132755e-05
2024-04-08 04:07:33 - val epoch: 55, loss: 0.2887
2024-04-08 04:07:33 - train: epoch 56, iter:0, loss: 0.1887, lr: 3.422702443389893e-05
2024-04-08 04:07:35 - train: epoch 56, iter:20, loss: 0.2013, lr: 3.422702443389893e-05
2024-04-08 04:07:37 - train: epoch 56, iter:40, loss: 0.1940, lr: 3.422702443389893e-05
2024-04-08 04:07:39 - val epoch: 56, loss: 0.2889
2024-04-08 04:07:39 - train: epoch 57, iter:0, loss: 0.2074, lr: 4.47606394853155e-05
2024-04-08 04:07:41 - train: epoch 57, iter:20, loss: 0.1945, lr: 4.47606394853155e-05
2024-04-08 04:07:43 - train: epoch 57, iter:40, loss: 0.1957, lr: 4.47606394853155e-05
2024-04-08 04:07:44 - val epoch: 57, loss: 0.2954
2024-04-08 04:07:45 - train: epoch 58, iter:0, loss: 0.2937, lr: 5.711060902932022e-05
2024-04-08 04:07:47 - train: epoch 58, iter:20, loss: 0.2008, lr: 5.711060902932022e-05
2024-04-08 04:07:48 - train: epoch 58, iter:40, loss: 0.1997, lr: 5.711060902932022e-05
2024-04-08 04:07:50 - val epoch: 58, loss: 0.2852
2024-04-08 04:07:50 - train: epoch 59, iter:0, loss: 0.1593, lr: 7.122819337828753e-05
2024-04-08 04:07:52 - train: epoch 59, iter:20, loss: 0.2005, lr: 7.122819337828753e-05
2024-04-08 04:07:54 - train: epoch 59, iter:40, loss: 0.1953, lr: 7.122819337828753e-05
2024-04-08 04:07:56 - val epoch: 59, loss: 0.2892
2024-04-08 04:07:56 - train: epoch 60, iter:0, loss: 0.1822, lr: 8.705767687650243e-05
2024-04-08 04:07:58 - train: epoch 60, iter:20, loss: 0.2005, lr: 8.705767687650243e-05
2024-04-08 04:08:00 - train: epoch 60, iter:40, loss: 0.2024, lr: 8.705767687650243e-05
2024-04-08 04:08:02 - val epoch: 60, loss: 0.2811, miou: 0.6961211204783352, f1_or_dsc: 0.8208389272129542, accuracy: 0.9723200480143229,                 specificity: 0.9882554698547584, sensitivity: 0.7897751677214588, confusion_matrix: [[8934961  106184]
 [ 165921  623334]]
2024-04-08 04:08:02 - train: epoch 61, iter:0, loss: 0.1502, lr: 0.00010453658778440077
2024-04-08 04:08:04 - train: epoch 61, iter:20, loss: 0.2122, lr: 0.00010453658778440077
2024-04-08 04:08:06 - train: epoch 61, iter:40, loss: 0.2000, lr: 0.00010453658778440077
2024-04-08 04:08:08 - val epoch: 61, loss: 0.2912
2024-04-08 04:08:08 - train: epoch 62, iter:0, loss: 0.2102, lr: 0.00012359594482598424
2024-04-08 04:08:10 - train: epoch 62, iter:20, loss: 0.1928, lr: 0.00012359594482598424
2024-04-08 04:08:12 - train: epoch 62, iter:40, loss: 0.1913, lr: 0.00012359594482598424
2024-04-08 04:08:14 - val epoch: 62, loss: 0.2848
2024-04-08 04:08:14 - train: epoch 63, iter:0, loss: 0.1842, lr: 0.00014416052942640108
2024-04-08 04:08:16 - train: epoch 63, iter:20, loss: 0.2058, lr: 0.00014416052942640108
2024-04-08 04:08:18 - train: epoch 63, iter:40, loss: 0.2053, lr: 0.00014416052942640108
2024-04-08 04:08:20 - val epoch: 63, loss: 0.3009
2024-04-08 04:08:20 - train: epoch 64, iter:0, loss: 0.2473, lr: 0.00016614918256529902
2024-04-08 04:08:22 - train: epoch 64, iter:20, loss: 0.2079, lr: 0.00016614918256529902
2024-04-08 04:08:24 - train: epoch 64, iter:40, loss: 0.2005, lr: 0.00016614918256529902
2024-04-08 04:08:25 - val epoch: 64, loss: 0.2800
2024-04-08 04:08:26 - train: epoch 65, iter:0, loss: 0.1814, lr: 0.00018947512507439852
2024-04-08 04:08:27 - train: epoch 65, iter:20, loss: 0.1888, lr: 0.00018947512507439852
2024-04-08 04:08:29 - train: epoch 65, iter:40, loss: 0.2076, lr: 0.00018947512507439852
2024-04-08 04:08:31 - val epoch: 65, loss: 0.2785
2024-04-08 04:08:31 - train: epoch 66, iter:0, loss: 0.3037, lr: 0.00021404630011522558
2024-04-08 04:08:33 - train: epoch 66, iter:20, loss: 0.2050, lr: 0.00021404630011522558
2024-04-08 04:08:35 - train: epoch 66, iter:40, loss: 0.2065, lr: 0.00021404630011522558
2024-04-08 04:08:37 - val epoch: 66, loss: 0.2921
2024-04-08 04:08:37 - train: epoch 67, iter:0, loss: 0.2035, lr: 0.00023976573648539664
2024-04-08 04:08:39 - train: epoch 67, iter:20, loss: 0.1933, lr: 0.00023976573648539664
2024-04-08 04:08:41 - train: epoch 67, iter:40, loss: 0.1987, lr: 0.00023976573648539664
2024-04-08 04:08:42 - val epoch: 67, loss: 0.2838
2024-04-08 04:08:43 - train: epoch 68, iter:0, loss: 0.1735, lr: 0.00026653193131965077
2024-04-08 04:08:44 - train: epoch 68, iter:20, loss: 0.2124, lr: 0.00026653193131965077
2024-04-08 04:08:46 - train: epoch 68, iter:40, loss: 0.2059, lr: 0.00026653193131965077
2024-04-08 04:08:48 - val epoch: 68, loss: 0.2921
2024-04-08 04:08:48 - train: epoch 69, iter:0, loss: 0.1971, lr: 0.000294239250675289
2024-04-08 04:08:50 - train: epoch 69, iter:20, loss: 0.1913, lr: 0.000294239250675289
2024-04-08 04:08:52 - train: epoch 69, iter:40, loss: 0.2090, lr: 0.000294239250675289
2024-04-08 04:08:53 - val epoch: 69, loss: 0.2969
2024-04-08 04:08:54 - train: epoch 70, iter:0, loss: 0.2487, lr: 0.0003227783464210842
2024-04-08 04:08:56 - train: epoch 70, iter:20, loss: 0.2038, lr: 0.0003227783464210842
2024-04-08 04:08:57 - train: epoch 70, iter:40, loss: 0.2087, lr: 0.0003227783464210842
2024-04-08 04:08:59 - val epoch: 70, loss: 0.3365
2024-04-08 04:08:59 - train: epoch 71, iter:0, loss: 0.2467, lr: 0.00035203658778440065
2024-04-08 04:09:01 - train: epoch 71, iter:20, loss: 0.2023, lr: 0.00035203658778440065
2024-04-08 04:09:03 - train: epoch 71, iter:40, loss: 0.2049, lr: 0.00035203658778440065
2024-04-08 04:09:05 - val epoch: 71, loss: 0.2978
2024-04-08 04:09:05 - train: epoch 72, iter:0, loss: 0.2122, lr: 0.00038189850585339675
2024-04-08 04:09:07 - train: epoch 72, iter:20, loss: 0.2137, lr: 0.00038189850585339675
2024-04-08 04:09:09 - train: epoch 72, iter:40, loss: 0.2133, lr: 0.00038189850585339675
2024-04-08 04:09:11 - val epoch: 72, loss: 0.2918
2024-04-08 04:09:11 - train: epoch 73, iter:0, loss: 0.1679, lr: 0.000412246249280066
2024-04-08 04:09:13 - train: epoch 73, iter:20, loss: 0.2012, lr: 0.000412246249280066
2024-04-08 04:09:15 - train: epoch 73, iter:40, loss: 0.1993, lr: 0.000412246249280066
2024-04-08 04:09:16 - val epoch: 73, loss: 0.3246
2024-04-08 04:09:16 - train: epoch 74, iter:0, loss: 0.1794, lr: 0.00044296004938566884
2024-04-08 04:09:18 - train: epoch 74, iter:20, loss: 0.2113, lr: 0.00044296004938566884
2024-04-08 04:09:20 - train: epoch 74, iter:40, loss: 0.2112, lr: 0.00044296004938566884
2024-04-08 04:09:22 - val epoch: 74, loss: 0.2952
2024-04-08 04:09:22 - train: epoch 75, iter:0, loss: 0.1566, lr: 0.0004739186928329896
2024-04-08 04:09:24 - train: epoch 75, iter:20, loss: 0.2020, lr: 0.0004739186928329896
2024-04-08 04:09:26 - train: epoch 75, iter:40, loss: 0.2045, lr: 0.0004739186928329896
2024-04-08 04:09:27 - val epoch: 75, loss: 0.2957
2024-04-08 04:09:28 - train: epoch 76, iter:0, loss: 0.1892, lr: 0.0005049999999999995
2024-04-08 04:09:30 - train: epoch 76, iter:20, loss: 0.2198, lr: 0.0005049999999999995
2024-04-08 04:09:32 - train: epoch 76, iter:40, loss: 0.2092, lr: 0.0005049999999999995
2024-04-08 04:09:33 - val epoch: 76, loss: 0.2672
2024-04-08 04:09:34 - train: epoch 77, iter:0, loss: 0.2544, lr: 0.0005360813071670094
2024-04-08 04:09:35 - train: epoch 77, iter:20, loss: 0.2091, lr: 0.0005360813071670094
2024-04-08 04:09:37 - train: epoch 77, iter:40, loss: 0.2117, lr: 0.0005360813071670094
2024-04-08 04:09:39 - val epoch: 77, loss: 0.2931
2024-04-08 04:09:39 - train: epoch 78, iter:0, loss: 0.2012, lr: 0.0005670399506143302
2024-04-08 04:09:41 - train: epoch 78, iter:20, loss: 0.2073, lr: 0.0005670399506143302
2024-04-08 04:09:43 - train: epoch 78, iter:40, loss: 0.2161, lr: 0.0005670399506143302
2024-04-08 04:09:45 - val epoch: 78, loss: 0.3126
2024-04-08 04:09:45 - train: epoch 79, iter:0, loss: 0.2110, lr: 0.0005977537507199331
2024-04-08 04:09:46 - train: epoch 79, iter:20, loss: 0.2314, lr: 0.0005977537507199331
2024-04-08 04:09:48 - train: epoch 79, iter:40, loss: 0.2218, lr: 0.0005977537507199331
2024-04-08 04:09:50 - val epoch: 79, loss: 0.2831
2024-04-08 04:09:50 - train: epoch 80, iter:0, loss: 0.1680, lr: 0.0006281014941466026
2024-04-08 04:09:52 - train: epoch 80, iter:20, loss: 0.2153, lr: 0.0006281014941466026
2024-04-08 04:09:54 - train: epoch 80, iter:40, loss: 0.2171, lr: 0.0006281014941466026
2024-04-08 04:09:56 - val epoch: 80, loss: 0.3165
2024-04-08 04:09:56 - train: epoch 81, iter:0, loss: 0.2250, lr: 0.0006579634122155983
2024-04-08 04:09:58 - train: epoch 81, iter:20, loss: 0.1907, lr: 0.0006579634122155983
2024-04-08 04:10:00 - train: epoch 81, iter:40, loss: 0.2107, lr: 0.0006579634122155983
2024-04-08 04:10:01 - val epoch: 81, loss: 0.3036
2024-04-08 04:10:02 - train: epoch 82, iter:0, loss: 0.2526, lr: 0.0006872216535789147
2024-04-08 04:10:03 - train: epoch 82, iter:20, loss: 0.2001, lr: 0.0006872216535789147
2024-04-08 04:10:05 - train: epoch 82, iter:40, loss: 0.2003, lr: 0.0006872216535789147
2024-04-08 04:10:07 - val epoch: 82, loss: 0.2980
2024-04-08 04:10:07 - train: epoch 83, iter:0, loss: 0.1938, lr: 0.00071576074932471
2024-04-08 04:10:09 - train: epoch 83, iter:20, loss: 0.2178, lr: 0.00071576074932471
2024-04-08 04:10:11 - train: epoch 83, iter:40, loss: 0.2216, lr: 0.00071576074932471
2024-04-08 04:10:13 - val epoch: 83, loss: 0.2953
2024-04-08 04:10:13 - train: epoch 84, iter:0, loss: 0.2803, lr: 0.0007434680686803487
2024-04-08 04:10:15 - train: epoch 84, iter:20, loss: 0.2497, lr: 0.0007434680686803487
2024-04-08 04:10:16 - train: epoch 84, iter:40, loss: 0.2376, lr: 0.0007434680686803487
2024-04-08 04:10:18 - val epoch: 84, loss: 0.2881
2024-04-08 04:10:18 - train: epoch 85, iter:0, loss: 0.2563, lr: 0.0007702342635146029
2024-04-08 04:10:20 - train: epoch 85, iter:20, loss: 0.2379, lr: 0.0007702342635146029
2024-04-08 04:10:22 - train: epoch 85, iter:40, loss: 0.2255, lr: 0.0007702342635146029
2024-04-08 04:10:24 - val epoch: 85, loss: 0.3135
2024-04-08 04:10:24 - train: epoch 86, iter:0, loss: 0.1876, lr: 0.0007959536998847737
2024-04-08 04:10:26 - train: epoch 86, iter:20, loss: 0.2037, lr: 0.0007959536998847737
2024-04-08 04:10:28 - train: epoch 86, iter:40, loss: 0.2061, lr: 0.0007959536998847737
2024-04-08 04:10:30 - val epoch: 86, loss: 0.2994
2024-04-08 04:10:30 - train: epoch 87, iter:0, loss: 0.2507, lr: 0.0008205248749256007
2024-04-08 04:10:32 - train: epoch 87, iter:20, loss: 0.1934, lr: 0.0008205248749256007
2024-04-08 04:10:33 - train: epoch 87, iter:40, loss: 0.2000, lr: 0.0008205248749256007
2024-04-08 04:10:35 - val epoch: 87, loss: 0.3530
2024-04-08 04:10:35 - train: epoch 88, iter:0, loss: 0.1540, lr: 0.0008438508174347
2024-04-08 04:10:37 - train: epoch 88, iter:20, loss: 0.2043, lr: 0.0008438508174347
2024-04-08 04:10:39 - train: epoch 88, iter:40, loss: 0.2016, lr: 0.0008438508174347
2024-04-08 04:10:41 - val epoch: 88, loss: 0.4138
2024-04-08 04:10:41 - train: epoch 89, iter:0, loss: 0.1991, lr: 0.0008658394705735981
2024-04-08 04:10:42 - train: epoch 89, iter:20, loss: 0.2851, lr: 0.0008658394705735981
2024-04-08 04:10:44 - train: epoch 89, iter:40, loss: 0.2671, lr: 0.0008658394705735981
2024-04-08 04:10:46 - val epoch: 89, loss: 0.3109
2024-04-08 04:10:46 - train: epoch 90, iter:0, loss: 0.1433, lr: 0.0008864040551740152
2024-04-08 04:10:48 - train: epoch 90, iter:20, loss: 0.2040, lr: 0.0008864040551740152
2024-04-08 04:10:50 - train: epoch 90, iter:40, loss: 0.2089, lr: 0.0008864040551740152
2024-04-08 04:10:52 - val epoch: 90, loss: 0.3146, miou: 0.6448188674524822, f1_or_dsc: 0.7840606406116759, accuracy: 0.9633180745442709,                 specificity: 0.9750036085031265, sensitivity: 0.8294568928926646, confusion_matrix: [[8815149  225996]
 [ 134602  654653]]
2024-04-08 04:10:52 - train: epoch 91, iter:0, loss: 0.1565, lr: 0.0009054634122155985
2024-04-08 04:10:54 - train: epoch 91, iter:20, loss: 0.2275, lr: 0.0009054634122155985
2024-04-08 04:10:56 - train: epoch 91, iter:40, loss: 0.2189, lr: 0.0009054634122155985
2024-04-08 04:10:58 - val epoch: 91, loss: 0.4096
2024-04-08 04:10:58 - train: epoch 92, iter:0, loss: 0.1494, lr: 0.0009229423231234969
2024-04-08 04:11:00 - train: epoch 92, iter:20, loss: 0.2190, lr: 0.0009229423231234969
2024-04-08 04:11:02 - train: epoch 92, iter:40, loss: 0.2137, lr: 0.0009229423231234969
2024-04-08 04:11:04 - val epoch: 92, loss: 0.3298
2024-04-08 04:11:04 - train: epoch 93, iter:0, loss: 0.1751, lr: 0.0009387718066217117
2024-04-08 04:11:06 - train: epoch 93, iter:20, loss: 0.2150, lr: 0.0009387718066217117
2024-04-08 04:11:07 - train: epoch 93, iter:40, loss: 0.2163, lr: 0.0009387718066217117
2024-04-08 04:11:09 - val epoch: 93, loss: 0.2879
2024-04-08 04:11:09 - train: epoch 94, iter:0, loss: 0.2448, lr: 0.000952889390970679
2024-04-08 04:11:12 - train: epoch 94, iter:20, loss: 0.2002, lr: 0.000952889390970679
2024-04-08 04:11:14 - train: epoch 94, iter:40, loss: 0.2074, lr: 0.000952889390970679
2024-04-08 04:11:16 - val epoch: 94, loss: 0.2829
2024-04-08 04:11:16 - train: epoch 95, iter:0, loss: 0.2324, lr: 0.0009652393605146838
2024-04-08 04:11:17 - train: epoch 95, iter:20, loss: 0.1971, lr: 0.0009652393605146838
2024-04-08 04:11:19 - train: epoch 95, iter:40, loss: 0.2087, lr: 0.0009652393605146838
2024-04-08 04:11:21 - val epoch: 95, loss: 0.3223
2024-04-08 04:11:21 - train: epoch 96, iter:0, loss: 0.1983, lr: 0.0009757729755661003
2024-04-08 04:11:23 - train: epoch 96, iter:20, loss: 0.1952, lr: 0.0009757729755661003
2024-04-08 04:11:25 - train: epoch 96, iter:40, loss: 0.2051, lr: 0.0009757729755661003
2024-04-08 04:11:27 - val epoch: 96, loss: 0.3120
2024-04-08 04:11:27 - train: epoch 97, iter:0, loss: 0.2831, lr: 0.0009844486647586715
2024-04-08 04:11:29 - train: epoch 97, iter:20, loss: 0.2176, lr: 0.0009844486647586715
2024-04-08 04:11:30 - train: epoch 97, iter:40, loss: 0.2054, lr: 0.0009844486647586715
2024-04-08 04:11:32 - val epoch: 97, loss: 0.3631
2024-04-08 04:11:32 - train: epoch 98, iter:0, loss: 0.1820, lr: 0.0009912321891107
2024-04-08 04:11:34 - train: epoch 98, iter:20, loss: 0.1980, lr: 0.0009912321891107
2024-04-08 04:11:36 - train: epoch 98, iter:40, loss: 0.2072, lr: 0.0009912321891107
2024-04-08 04:11:38 - val epoch: 98, loss: 0.3128
2024-04-08 04:11:38 - train: epoch 99, iter:0, loss: 0.2529, lr: 0.0009960967771506656
2024-04-08 04:11:40 - train: epoch 99, iter:20, loss: 0.2143, lr: 0.0009960967771506656
2024-04-08 04:11:42 - train: epoch 99, iter:40, loss: 0.2002, lr: 0.0009960967771506656
2024-04-08 04:11:43 - val epoch: 99, loss: 0.2673
2024-04-08 04:11:44 - train: epoch 100, iter:0, loss: 0.1960, lr: 0.0009990232305719935
2024-04-08 04:11:45 - train: epoch 100, iter:20, loss: 0.2286, lr: 0.0009990232305719935
2024-04-08 04:11:47 - train: epoch 100, iter:40, loss: 0.2189, lr: 0.0009990232305719935
2024-04-08 04:11:49 - val epoch: 100, loss: 0.3588
2024-04-08 04:11:49 - train: epoch 101, iter:0, loss: 0.1694, lr: 0.0009999999999999992
2024-04-08 04:11:51 - train: epoch 101, iter:20, loss: 0.2132, lr: 0.0009999999999999992
2024-04-08 04:11:53 - train: epoch 101, iter:40, loss: 0.2083, lr: 0.0009999999999999992
2024-04-08 04:11:55 - val epoch: 101, loss: 0.2949
2024-04-08 04:11:55 - train: epoch 102, iter:0, loss: 0.1891, lr: 0.0009990232305719935
2024-04-08 04:11:57 - train: epoch 102, iter:20, loss: 0.1966, lr: 0.0009990232305719935
2024-04-08 04:11:59 - train: epoch 102, iter:40, loss: 0.1994, lr: 0.0009990232305719935
2024-04-08 04:12:00 - val epoch: 102, loss: 0.2836
2024-04-08 04:12:01 - train: epoch 103, iter:0, loss: 0.1864, lr: 0.0009960967771506656
2024-04-08 04:12:02 - train: epoch 103, iter:20, loss: 0.1888, lr: 0.0009960967771506656
2024-04-08 04:12:04 - train: epoch 103, iter:40, loss: 0.1996, lr: 0.0009960967771506656
2024-04-08 04:12:06 - val epoch: 103, loss: 0.3032
2024-04-08 04:12:06 - train: epoch 104, iter:0, loss: 0.1946, lr: 0.0009912321891106998
2024-04-08 04:12:08 - train: epoch 104, iter:20, loss: 0.1820, lr: 0.0009912321891106998
2024-04-08 04:12:10 - train: epoch 104, iter:40, loss: 0.1966, lr: 0.0009912321891106998
2024-04-08 04:12:12 - val epoch: 104, loss: 0.3393
2024-04-08 04:12:12 - train: epoch 105, iter:0, loss: 0.1700, lr: 0.0009844486647586713
2024-04-08 04:12:14 - train: epoch 105, iter:20, loss: 0.2030, lr: 0.0009844486647586713
2024-04-08 04:12:15 - train: epoch 105, iter:40, loss: 0.2012, lr: 0.0009844486647586713
2024-04-08 04:12:17 - val epoch: 105, loss: 0.3205
2024-04-08 04:12:17 - train: epoch 106, iter:0, loss: 0.2779, lr: 0.0009757729755661
2024-04-08 04:12:19 - train: epoch 106, iter:20, loss: 0.2006, lr: 0.0009757729755661
2024-04-08 04:12:21 - train: epoch 106, iter:40, loss: 0.2074, lr: 0.0009757729755661
2024-04-08 04:12:23 - val epoch: 106, loss: 0.2800
2024-04-08 04:12:23 - train: epoch 107, iter:0, loss: 0.3014, lr: 0.0009652393605146834
2024-04-08 04:12:25 - train: epoch 107, iter:20, loss: 0.1952, lr: 0.0009652393605146834
2024-04-08 04:12:27 - train: epoch 107, iter:40, loss: 0.1960, lr: 0.0009652393605146834
2024-04-08 04:12:28 - val epoch: 107, loss: 0.2801
2024-04-08 04:12:28 - train: epoch 108, iter:0, loss: 0.1422, lr: 0.0009528893909706787
2024-04-08 04:12:30 - train: epoch 108, iter:20, loss: 0.1953, lr: 0.0009528893909706787
2024-04-08 04:12:32 - train: epoch 108, iter:40, loss: 0.1966, lr: 0.0009528893909706787
2024-04-08 04:12:34 - val epoch: 108, loss: 0.2954
2024-04-08 04:12:34 - train: epoch 109, iter:0, loss: 0.1788, lr: 0.0009387718066217116
2024-04-08 04:12:36 - train: epoch 109, iter:20, loss: 0.1979, lr: 0.0009387718066217116
2024-04-08 04:12:38 - train: epoch 109, iter:40, loss: 0.2003, lr: 0.0009387718066217116
2024-04-08 04:12:40 - val epoch: 109, loss: 0.2809
2024-04-08 04:12:40 - train: epoch 110, iter:0, loss: 0.1989, lr: 0.0009229423231234967
2024-04-08 04:12:42 - train: epoch 110, iter:20, loss: 0.1922, lr: 0.0009229423231234967
2024-04-08 04:12:44 - train: epoch 110, iter:40, loss: 0.2011, lr: 0.0009229423231234967
2024-04-08 04:12:45 - val epoch: 110, loss: 0.2642
2024-04-08 04:12:45 - train: epoch 111, iter:0, loss: 0.2221, lr: 0.0009054634122155979
2024-04-08 04:12:47 - train: epoch 111, iter:20, loss: 0.1970, lr: 0.0009054634122155979
2024-04-08 04:12:49 - train: epoch 111, iter:40, loss: 0.1963, lr: 0.0009054634122155979
2024-04-08 04:12:51 - val epoch: 111, loss: 0.3020
2024-04-08 04:12:51 - train: epoch 112, iter:0, loss: 0.2154, lr: 0.0008864040551740146
2024-04-08 04:12:53 - train: epoch 112, iter:20, loss: 0.1935, lr: 0.0008864040551740146
2024-04-08 04:12:55 - train: epoch 112, iter:40, loss: 0.1936, lr: 0.0008864040551740146
2024-04-08 04:12:56 - val epoch: 112, loss: 0.2853
2024-04-08 04:12:57 - train: epoch 113, iter:0, loss: 0.2078, lr: 0.0008658394705735977
2024-04-08 04:12:58 - train: epoch 113, iter:20, loss: 0.1951, lr: 0.0008658394705735977
2024-04-08 04:13:00 - train: epoch 113, iter:40, loss: 0.1922, lr: 0.0008658394705735977
2024-04-08 04:13:02 - val epoch: 113, loss: 0.2891
2024-04-08 04:13:02 - train: epoch 114, iter:0, loss: 0.1976, lr: 0.0008438508174347002
2024-04-08 04:13:04 - train: epoch 114, iter:20, loss: 0.2013, lr: 0.0008438508174347002
2024-04-08 04:13:06 - train: epoch 114, iter:40, loss: 0.1870, lr: 0.0008438508174347002
2024-04-08 04:13:08 - val epoch: 114, loss: 0.2697
2024-04-08 04:13:08 - train: epoch 115, iter:0, loss: 0.2334, lr: 0.0008205248749256007
2024-04-08 04:13:10 - train: epoch 115, iter:20, loss: 0.2048, lr: 0.0008205248749256007
2024-04-08 04:13:12 - train: epoch 115, iter:40, loss: 0.1986, lr: 0.0008205248749256007
2024-04-08 04:13:13 - val epoch: 115, loss: 0.2897
2024-04-08 04:13:13 - train: epoch 116, iter:0, loss: 0.1863, lr: 0.0007959536998847731
2024-04-08 04:13:15 - train: epoch 116, iter:20, loss: 0.1778, lr: 0.0007959536998847731
2024-04-08 04:13:17 - train: epoch 116, iter:40, loss: 0.1852, lr: 0.0007959536998847731
2024-04-08 04:13:19 - val epoch: 116, loss: 0.3176
2024-04-08 04:13:19 - train: epoch 117, iter:0, loss: 0.2543, lr: 0.0007702342635146026
2024-04-08 04:13:21 - train: epoch 117, iter:20, loss: 0.1939, lr: 0.0007702342635146026
2024-04-08 04:13:23 - train: epoch 117, iter:40, loss: 0.1867, lr: 0.0007702342635146026
2024-04-08 04:13:24 - val epoch: 117, loss: 0.2660
2024-04-08 04:13:25 - train: epoch 118, iter:0, loss: 0.2092, lr: 0.0007434680686803485
2024-04-08 04:13:26 - train: epoch 118, iter:20, loss: 0.1925, lr: 0.0007434680686803485
2024-04-08 04:13:28 - train: epoch 118, iter:40, loss: 0.1908, lr: 0.0007434680686803485
2024-04-08 04:13:30 - val epoch: 118, loss: 0.2685
2024-04-08 04:13:30 - train: epoch 119, iter:0, loss: 0.1757, lr: 0.0007157607493247105
2024-04-08 04:13:32 - train: epoch 119, iter:20, loss: 0.1704, lr: 0.0007157607493247105
2024-04-08 04:13:34 - train: epoch 119, iter:40, loss: 0.1777, lr: 0.0007157607493247105
2024-04-08 04:13:36 - val epoch: 119, loss: 0.2791
2024-04-08 04:13:36 - train: epoch 120, iter:0, loss: 0.2107, lr: 0.0006872216535789154
2024-04-08 04:13:38 - train: epoch 120, iter:20, loss: 0.1748, lr: 0.0006872216535789154
2024-04-08 04:13:39 - train: epoch 120, iter:40, loss: 0.1784, lr: 0.0006872216535789154
2024-04-08 04:13:42 - val epoch: 120, loss: 0.2741, miou: 0.7083458154485818, f1_or_dsc: 0.8292768466934577, accuracy: 0.9737551879882812,                 specificity: 0.9894544330391781, sensitivity: 0.7939157813380974, confusion_matrix: [[8945801   95344]
 [ 162653  626602]]
2024-04-08 04:13:42 - train: epoch 121, iter:0, loss: 0.2435, lr: 0.0006579634122155989
2024-04-08 04:13:44 - train: epoch 121, iter:20, loss: 0.1825, lr: 0.0006579634122155989
2024-04-08 04:13:46 - train: epoch 121, iter:40, loss: 0.1864, lr: 0.0006579634122155989
2024-04-08 04:13:47 - val epoch: 121, loss: 0.2988
2024-04-08 04:13:48 - train: epoch 122, iter:0, loss: 0.1817, lr: 0.0006281014941466024
2024-04-08 04:13:49 - train: epoch 122, iter:20, loss: 0.2045, lr: 0.0006281014941466024
2024-04-08 04:13:51 - train: epoch 122, iter:40, loss: 0.1991, lr: 0.0006281014941466024
2024-04-08 04:13:53 - val epoch: 122, loss: 0.3167
2024-04-08 04:13:53 - train: epoch 123, iter:0, loss: 0.1491, lr: 0.0005977537507199332
2024-04-08 04:13:55 - train: epoch 123, iter:20, loss: 0.2129, lr: 0.0005977537507199332
2024-04-08 04:13:57 - train: epoch 123, iter:40, loss: 0.2061, lr: 0.0005977537507199332
2024-04-08 04:13:58 - val epoch: 123, loss: 0.3022
2024-04-08 04:13:59 - train: epoch 124, iter:0, loss: 0.3195, lr: 0.0005670399506143303
2024-04-08 04:14:00 - train: epoch 124, iter:20, loss: 0.1886, lr: 0.0005670399506143303
2024-04-08 04:14:02 - train: epoch 124, iter:40, loss: 0.1820, lr: 0.0005670399506143303
2024-04-08 04:14:04 - val epoch: 124, loss: 0.2944
2024-04-08 04:14:04 - train: epoch 125, iter:0, loss: 0.1667, lr: 0.00053608130716701
2024-04-08 04:14:06 - train: epoch 125, iter:20, loss: 0.1913, lr: 0.00053608130716701
2024-04-08 04:14:08 - train: epoch 125, iter:40, loss: 0.1940, lr: 0.00053608130716701
2024-04-08 04:14:10 - val epoch: 125, loss: 0.3145
2024-04-08 04:14:10 - train: epoch 126, iter:0, loss: 0.1884, lr: 0.0005050000000000001
2024-04-08 04:14:11 - train: epoch 126, iter:20, loss: 0.1755, lr: 0.0005050000000000001
2024-04-08 04:14:13 - train: epoch 126, iter:40, loss: 0.1787, lr: 0.0005050000000000001
2024-04-08 04:14:15 - val epoch: 126, loss: 0.2799
2024-04-08 04:14:15 - train: epoch 127, iter:0, loss: 0.1810, lr: 0.0004739186928329894
2024-04-08 04:14:17 - train: epoch 127, iter:20, loss: 0.1731, lr: 0.0004739186928329894
2024-04-08 04:14:19 - train: epoch 127, iter:40, loss: 0.1776, lr: 0.0004739186928329894
2024-04-08 04:14:21 - val epoch: 127, loss: 0.2869
2024-04-08 04:14:21 - train: epoch 128, iter:0, loss: 0.2396, lr: 0.0004429600493856691
2024-04-08 04:14:23 - train: epoch 128, iter:20, loss: 0.1817, lr: 0.0004429600493856691
2024-04-08 04:14:24 - train: epoch 128, iter:40, loss: 0.1720, lr: 0.0004429600493856691
2024-04-08 04:14:26 - val epoch: 128, loss: 0.2780
2024-04-08 04:14:26 - train: epoch 129, iter:0, loss: 0.1946, lr: 0.0004122462492800658
2024-04-08 04:14:28 - train: epoch 129, iter:20, loss: 0.1691, lr: 0.0004122462492800658
2024-04-08 04:14:30 - train: epoch 129, iter:40, loss: 0.1732, lr: 0.0004122462492800658
2024-04-08 04:14:32 - val epoch: 129, loss: 0.2765
2024-04-08 04:14:32 - train: epoch 130, iter:0, loss: 0.1388, lr: 0.00038189850585339653
2024-04-08 04:14:34 - train: epoch 130, iter:20, loss: 0.1685, lr: 0.00038189850585339653
2024-04-08 04:14:35 - train: epoch 130, iter:40, loss: 0.1732, lr: 0.00038189850585339653
2024-04-08 04:14:37 - val epoch: 130, loss: 0.2756
2024-04-08 04:14:37 - train: epoch 131, iter:0, loss: 0.2095, lr: 0.0003520365877844009
2024-04-08 04:14:39 - train: epoch 131, iter:20, loss: 0.1748, lr: 0.0003520365877844009
2024-04-08 04:14:42 - train: epoch 131, iter:40, loss: 0.1742, lr: 0.0003520365877844009
2024-04-08 04:14:44 - val epoch: 131, loss: 0.2750
2024-04-08 04:14:44 - train: epoch 132, iter:0, loss: 0.1489, lr: 0.00032277834642108455
2024-04-08 04:14:46 - train: epoch 132, iter:20, loss: 0.1729, lr: 0.00032277834642108455
2024-04-08 04:14:48 - train: epoch 132, iter:40, loss: 0.1726, lr: 0.00032277834642108455
2024-04-08 04:14:50 - val epoch: 132, loss: 0.2728
2024-04-08 04:14:50 - train: epoch 133, iter:0, loss: 0.1701, lr: 0.0002942392506752885
2024-04-08 04:14:52 - train: epoch 133, iter:20, loss: 0.1685, lr: 0.0002942392506752885
2024-04-08 04:14:54 - train: epoch 133, iter:40, loss: 0.1661, lr: 0.0002942392506752885
2024-04-08 04:14:56 - val epoch: 133, loss: 0.2658
2024-04-08 04:14:56 - train: epoch 134, iter:0, loss: 0.1364, lr: 0.00026653193131965055
2024-04-08 04:14:58 - train: epoch 134, iter:20, loss: 0.1730, lr: 0.00026653193131965055
2024-04-08 04:14:59 - train: epoch 134, iter:40, loss: 0.1682, lr: 0.00026653193131965055
2024-04-08 04:15:01 - val epoch: 134, loss: 0.2799
2024-04-08 04:15:01 - train: epoch 135, iter:0, loss: 0.1696, lr: 0.00023976573648539642
2024-04-08 04:15:03 - train: epoch 135, iter:20, loss: 0.1750, lr: 0.00023976573648539642
2024-04-08 04:15:05 - train: epoch 135, iter:40, loss: 0.1698, lr: 0.00023976573648539642
2024-04-08 04:15:07 - val epoch: 135, loss: 0.2685
2024-04-08 04:15:07 - train: epoch 136, iter:0, loss: 0.1572, lr: 0.0002140463001152257
2024-04-08 04:15:09 - train: epoch 136, iter:20, loss: 0.1650, lr: 0.0002140463001152257
2024-04-08 04:15:10 - train: epoch 136, iter:40, loss: 0.1627, lr: 0.0002140463001152257
2024-04-08 04:15:12 - val epoch: 136, loss: 0.2694
2024-04-08 04:15:12 - train: epoch 137, iter:0, loss: 0.1300, lr: 0.000189475125074398
2024-04-08 04:15:14 - train: epoch 137, iter:20, loss: 0.1602, lr: 0.000189475125074398
2024-04-08 04:15:16 - train: epoch 137, iter:40, loss: 0.1688, lr: 0.000189475125074398
2024-04-08 04:15:18 - val epoch: 137, loss: 0.2705
2024-04-08 04:15:18 - train: epoch 138, iter:0, loss: 0.1581, lr: 0.00016614918256529872
2024-04-08 04:15:20 - train: epoch 138, iter:20, loss: 0.1701, lr: 0.00016614918256529872
2024-04-08 04:15:21 - train: epoch 138, iter:40, loss: 0.1644, lr: 0.00016614918256529872
2024-04-08 04:15:23 - val epoch: 138, loss: 0.2805
2024-04-08 04:15:23 - train: epoch 139, iter:0, loss: 0.1630, lr: 0.00014416052942640105
2024-04-08 04:15:25 - train: epoch 139, iter:20, loss: 0.1644, lr: 0.00014416052942640105
2024-04-08 04:15:27 - train: epoch 139, iter:40, loss: 0.1636, lr: 0.00014416052942640105
2024-04-08 04:15:29 - val epoch: 139, loss: 0.2748
2024-04-08 04:15:29 - train: epoch 140, iter:0, loss: 0.1633, lr: 0.0001235959448259842
2024-04-08 04:15:31 - train: epoch 140, iter:20, loss: 0.1627, lr: 0.0001235959448259842
2024-04-08 04:15:33 - train: epoch 140, iter:40, loss: 0.1625, lr: 0.0001235959448259842
2024-04-08 04:15:34 - val epoch: 140, loss: 0.2794
2024-04-08 04:15:35 - train: epoch 141, iter:0, loss: 0.1923, lr: 0.00010453658778440103
2024-04-08 04:15:36 - train: epoch 141, iter:20, loss: 0.1600, lr: 0.00010453658778440103
2024-04-08 04:15:38 - train: epoch 141, iter:40, loss: 0.1651, lr: 0.00010453658778440103
2024-04-08 04:15:40 - val epoch: 141, loss: 0.2728
2024-04-08 04:15:40 - train: epoch 142, iter:0, loss: 0.1285, lr: 8.705767687650263e-05
2024-04-08 04:15:42 - train: epoch 142, iter:20, loss: 0.1703, lr: 8.705767687650263e-05
2024-04-08 04:15:44 - train: epoch 142, iter:40, loss: 0.1656, lr: 8.705767687650263e-05
2024-04-08 04:15:46 - val epoch: 142, loss: 0.2755
2024-04-08 04:15:46 - train: epoch 143, iter:0, loss: 0.1475, lr: 7.12281933782873e-05
2024-04-08 04:15:48 - train: epoch 143, iter:20, loss: 0.1554, lr: 7.12281933782873e-05
2024-04-08 04:15:49 - train: epoch 143, iter:40, loss: 0.1637, lr: 7.12281933782873e-05
2024-04-08 04:15:51 - val epoch: 143, loss: 0.2765
2024-04-08 04:15:51 - train: epoch 144, iter:0, loss: 0.2055, lr: 5.711060902932021e-05
2024-04-08 04:15:53 - train: epoch 144, iter:20, loss: 0.1605, lr: 5.711060902932021e-05
2024-04-08 04:15:55 - train: epoch 144, iter:40, loss: 0.1602, lr: 5.711060902932021e-05
2024-04-08 04:15:57 - val epoch: 144, loss: 0.2733
2024-04-08 04:15:57 - train: epoch 145, iter:0, loss: 0.2141, lr: 4.4760639485315496e-05
2024-04-08 04:15:59 - train: epoch 145, iter:20, loss: 0.1643, lr: 4.4760639485315496e-05
2024-04-08 04:16:01 - train: epoch 145, iter:40, loss: 0.1645, lr: 4.4760639485315496e-05
2024-04-08 04:16:02 - val epoch: 145, loss: 0.2722
2024-04-08 04:16:03 - train: epoch 146, iter:0, loss: 0.1638, lr: 3.422702443389903e-05
2024-04-08 04:16:04 - train: epoch 146, iter:20, loss: 0.1645, lr: 3.422702443389903e-05
2024-04-08 04:16:06 - train: epoch 146, iter:40, loss: 0.1595, lr: 3.422702443389903e-05
2024-04-08 04:16:08 - val epoch: 146, loss: 0.2720
2024-04-08 04:16:08 - train: epoch 147, iter:0, loss: 0.1517, lr: 2.555133524132766e-05
2024-04-08 04:16:10 - train: epoch 147, iter:20, loss: 0.1547, lr: 2.555133524132766e-05
2024-04-08 04:16:12 - train: epoch 147, iter:40, loss: 0.1605, lr: 2.555133524132766e-05
2024-04-08 04:16:14 - val epoch: 147, loss: 0.2706
2024-04-08 04:16:14 - train: epoch 148, iter:0, loss: 0.1452, lr: 1.876781088929902e-05
2024-04-08 04:16:16 - train: epoch 148, iter:20, loss: 0.1561, lr: 1.876781088929902e-05
2024-04-08 04:16:18 - train: epoch 148, iter:40, loss: 0.1591, lr: 1.876781088929902e-05
2024-04-08 04:16:19 - val epoch: 148, loss: 0.2719
2024-04-08 04:16:20 - train: epoch 149, iter:0, loss: 0.2276, lr: 1.390322284933345e-05
2024-04-08 04:16:21 - train: epoch 149, iter:20, loss: 0.1622, lr: 1.390322284933345e-05
2024-04-08 04:16:23 - train: epoch 149, iter:40, loss: 0.1616, lr: 1.390322284933345e-05
2024-04-08 04:16:25 - val epoch: 149, loss: 0.2719
2024-04-08 04:16:25 - train: epoch 150, iter:0, loss: 0.1365, lr: 1.0976769428005579e-05
2024-04-08 04:16:27 - train: epoch 150, iter:20, loss: 0.1616, lr: 1.0976769428005579e-05
2024-04-08 04:16:29 - train: epoch 150, iter:40, loss: 0.1594, lr: 1.0976769428005579e-05
2024-04-08 04:16:31 - val epoch: 150, loss: 0.2729, miou: 0.7090625678905061, f1_or_dsc: 0.8297678285303519, accuracy: 0.9727542114257812,                 specificity: 0.985472525880295, sensitivity: 0.8270622295709245, confusion_matrix: [[8909800  131345]
 [ 136492  652763]]
2024-04-08 04:16:32 - train: epoch 151, iter:0, loss: 0.1512, lr: 1e-05
2024-04-08 04:16:33 - train: epoch 151, iter:20, loss: 0.1615, lr: 1e-05
2024-04-08 04:16:35 - train: epoch 151, iter:40, loss: 0.1633, lr: 1e-05
2024-04-08 04:16:37 - val epoch: 151, loss: 0.2735
2024-04-08 04:16:38 - train: epoch 152, iter:0, loss: 0.1365, lr: 1.0976769428005579e-05
2024-04-08 04:16:39 - train: epoch 152, iter:20, loss: 0.1568, lr: 1.0976769428005579e-05
2024-04-08 04:16:41 - train: epoch 152, iter:40, loss: 0.1584, lr: 1.0976769428005579e-05
2024-04-08 04:16:43 - val epoch: 152, loss: 0.2740
2024-04-08 04:16:43 - train: epoch 153, iter:0, loss: 0.1920, lr: 1.3903222849333397e-05
2024-04-08 04:16:45 - train: epoch 153, iter:20, loss: 0.1656, lr: 1.3903222849333397e-05
2024-04-08 04:16:47 - train: epoch 153, iter:40, loss: 0.1639, lr: 1.3903222849333397e-05
2024-04-08 04:16:49 - val epoch: 153, loss: 0.2747
2024-04-08 04:16:49 - train: epoch 154, iter:0, loss: 0.1634, lr: 1.8767810889299137e-05
2024-04-08 04:16:51 - train: epoch 154, iter:20, loss: 0.1589, lr: 1.8767810889299137e-05
2024-04-08 04:16:53 - train: epoch 154, iter:40, loss: 0.1616, lr: 1.8767810889299137e-05
2024-04-08 04:16:55 - val epoch: 154, loss: 0.2731
2024-04-08 04:16:55 - train: epoch 155, iter:0, loss: 0.2067, lr: 2.555133524132761e-05
2024-04-08 04:16:57 - train: epoch 155, iter:20, loss: 0.1592, lr: 2.555133524132761e-05
2024-04-08 04:16:59 - train: epoch 155, iter:40, loss: 0.1597, lr: 2.555133524132761e-05
2024-04-08 04:17:00 - val epoch: 155, loss: 0.2738
2024-04-08 04:17:01 - train: epoch 156, iter:0, loss: 0.1646, lr: 3.422702443389894e-05
2024-04-08 04:17:02 - train: epoch 156, iter:20, loss: 0.1571, lr: 3.422702443389894e-05
2024-04-08 04:17:04 - train: epoch 156, iter:40, loss: 0.1606, lr: 3.422702443389894e-05
2024-04-08 04:17:06 - val epoch: 156, loss: 0.2748
2024-04-08 04:17:06 - train: epoch 157, iter:0, loss: 0.2679, lr: 4.476063948531541e-05
2024-04-08 04:17:08 - train: epoch 157, iter:20, loss: 0.1670, lr: 4.476063948531541e-05
2024-04-08 04:17:10 - train: epoch 157, iter:40, loss: 0.1617, lr: 4.476063948531541e-05
2024-04-08 04:17:12 - val epoch: 157, loss: 0.2707
2024-04-08 04:17:12 - train: epoch 158, iter:0, loss: 0.1949, lr: 5.711060902932007e-05
2024-04-08 04:17:14 - train: epoch 158, iter:20, loss: 0.1633, lr: 5.711060902932007e-05
2024-04-08 04:17:16 - train: epoch 158, iter:40, loss: 0.1647, lr: 5.711060902932007e-05
2024-04-08 04:17:18 - val epoch: 158, loss: 0.2712
2024-04-08 04:17:18 - train: epoch 159, iter:0, loss: 0.1290, lr: 7.122819337828756e-05
2024-04-08 04:17:20 - train: epoch 159, iter:20, loss: 0.1586, lr: 7.122819337828756e-05
2024-04-08 04:17:21 - train: epoch 159, iter:40, loss: 0.1614, lr: 7.122819337828756e-05
2024-04-08 04:17:23 - val epoch: 159, loss: 0.2734
2024-04-08 04:17:23 - train: epoch 160, iter:0, loss: 0.1174, lr: 8.705767687650251e-05
2024-04-08 04:17:25 - train: epoch 160, iter:20, loss: 0.1673, lr: 8.705767687650251e-05
2024-04-08 04:17:27 - train: epoch 160, iter:40, loss: 0.1623, lr: 8.705767687650251e-05
2024-04-08 04:17:29 - val epoch: 160, loss: 0.2766
2024-04-08 04:17:29 - train: epoch 161, iter:0, loss: 0.1642, lr: 0.00010453658778440087
2024-04-08 04:17:31 - train: epoch 161, iter:20, loss: 0.1551, lr: 0.00010453658778440087
2024-04-08 04:17:33 - train: epoch 161, iter:40, loss: 0.1601, lr: 0.00010453658778440087
2024-04-08 04:17:34 - val epoch: 161, loss: 0.2748
2024-04-08 04:17:35 - train: epoch 162, iter:0, loss: 0.1351, lr: 0.00012359594482598405
2024-04-08 04:17:36 - train: epoch 162, iter:20, loss: 0.1603, lr: 0.00012359594482598405
2024-04-08 04:17:38 - train: epoch 162, iter:40, loss: 0.1614, lr: 0.00012359594482598405
2024-04-08 04:17:40 - val epoch: 162, loss: 0.2780
2024-04-08 04:17:40 - train: epoch 163, iter:0, loss: 0.1317, lr: 0.00014416052942640083
2024-04-08 04:17:42 - train: epoch 163, iter:20, loss: 0.1638, lr: 0.00014416052942640083
2024-04-08 04:17:44 - train: epoch 163, iter:40, loss: 0.1605, lr: 0.00014416052942640083
2024-04-08 04:17:46 - val epoch: 163, loss: 0.2751
2024-04-08 04:17:46 - train: epoch 164, iter:0, loss: 0.1520, lr: 0.00016614918256529853
2024-04-08 04:17:48 - train: epoch 164, iter:20, loss: 0.1627, lr: 0.00016614918256529853
2024-04-08 04:17:50 - train: epoch 164, iter:40, loss: 0.1614, lr: 0.00016614918256529853
2024-04-08 04:17:51 - val epoch: 164, loss: 0.2785
2024-04-08 04:17:51 - train: epoch 165, iter:0, loss: 0.1501, lr: 0.00018947512507439787
2024-04-08 04:17:53 - train: epoch 165, iter:20, loss: 0.1610, lr: 0.00018947512507439787
2024-04-08 04:17:55 - train: epoch 165, iter:40, loss: 0.1601, lr: 0.00018947512507439787
2024-04-08 04:17:57 - val epoch: 165, loss: 0.2735
2024-04-08 04:17:57 - train: epoch 166, iter:0, loss: 0.2061, lr: 0.00021404630011522487
2024-04-08 04:17:59 - train: epoch 166, iter:20, loss: 0.1666, lr: 0.00021404630011522487
2024-04-08 04:18:01 - train: epoch 166, iter:40, loss: 0.1637, lr: 0.00021404630011522487
2024-04-08 04:18:03 - val epoch: 166, loss: 0.2808
2024-04-08 04:18:03 - train: epoch 167, iter:0, loss: 0.1535, lr: 0.00023976573648539702
2024-04-08 04:18:05 - train: epoch 167, iter:20, loss: 0.1691, lr: 0.00023976573648539702
2024-04-08 04:18:06 - train: epoch 167, iter:40, loss: 0.1656, lr: 0.00023976573648539702
2024-04-08 04:18:08 - val epoch: 167, loss: 0.2734
2024-04-08 04:18:08 - train: epoch 168, iter:0, loss: 0.1253, lr: 0.0002665319313196511
2024-04-08 04:18:10 - train: epoch 168, iter:20, loss: 0.1626, lr: 0.0002665319313196511
2024-04-08 04:18:12 - train: epoch 168, iter:40, loss: 0.1643, lr: 0.0002665319313196511
2024-04-08 04:18:14 - val epoch: 168, loss: 0.2770
2024-04-08 04:18:14 - train: epoch 169, iter:0, loss: 0.1832, lr: 0.000294239250675289
2024-04-08 04:18:16 - train: epoch 169, iter:20, loss: 0.1684, lr: 0.000294239250675289
2024-04-08 04:18:18 - train: epoch 169, iter:40, loss: 0.1714, lr: 0.000294239250675289
2024-04-08 04:18:20 - val epoch: 169, loss: 0.2912
2024-04-08 04:18:20 - train: epoch 170, iter:0, loss: 0.1503, lr: 0.0003227783464210843
2024-04-08 04:18:22 - train: epoch 170, iter:20, loss: 0.1905, lr: 0.0003227783464210843
2024-04-08 04:18:23 - train: epoch 170, iter:40, loss: 0.1797, lr: 0.0003227783464210843
2024-04-08 04:18:25 - val epoch: 170, loss: 0.3122
2024-04-08 04:18:25 - train: epoch 171, iter:0, loss: 0.1494, lr: 0.0003520365877844007
2024-04-08 04:18:27 - train: epoch 171, iter:20, loss: 0.1676, lr: 0.0003520365877844007
2024-04-08 04:18:29 - train: epoch 171, iter:40, loss: 0.1691, lr: 0.0003520365877844007
2024-04-08 04:18:31 - val epoch: 171, loss: 0.2726
2024-04-08 04:18:31 - train: epoch 172, iter:0, loss: 0.1576, lr: 0.0003818985058533964
2024-04-08 04:18:33 - train: epoch 172, iter:20, loss: 0.1638, lr: 0.0003818985058533964
2024-04-08 04:18:35 - train: epoch 172, iter:40, loss: 0.1666, lr: 0.0003818985058533964
2024-04-08 04:18:36 - val epoch: 172, loss: 0.2810
2024-04-08 04:18:37 - train: epoch 173, iter:0, loss: 0.2099, lr: 0.0004122462492800657
2024-04-08 04:18:38 - train: epoch 173, iter:20, loss: 0.1621, lr: 0.0004122462492800657
2024-04-08 04:18:40 - train: epoch 173, iter:40, loss: 0.1624, lr: 0.0004122462492800657
2024-04-08 04:18:42 - val epoch: 173, loss: 0.3105
2024-04-08 04:18:42 - train: epoch 174, iter:0, loss: 0.1497, lr: 0.0004429600493856686
2024-04-08 04:18:44 - train: epoch 174, iter:20, loss: 0.1709, lr: 0.0004429600493856686
2024-04-08 04:18:46 - train: epoch 174, iter:40, loss: 0.1694, lr: 0.0004429600493856686
2024-04-08 04:18:48 - val epoch: 174, loss: 0.2719
2024-04-08 04:18:48 - train: epoch 175, iter:0, loss: 0.1475, lr: 0.00047391869283298883
2024-04-08 04:18:50 - train: epoch 175, iter:20, loss: 0.1697, lr: 0.00047391869283298883
2024-04-08 04:18:52 - train: epoch 175, iter:40, loss: 0.1693, lr: 0.00047391869283298883
2024-04-08 04:18:53 - val epoch: 175, loss: 0.2900
2024-04-08 04:18:54 - train: epoch 176, iter:0, loss: 0.2428, lr: 0.0005049999999999987
2024-04-08 04:18:56 - train: epoch 176, iter:20, loss: 0.1941, lr: 0.0005049999999999987
2024-04-08 04:18:57 - train: epoch 176, iter:40, loss: 0.1909, lr: 0.0005049999999999987
2024-04-08 04:18:59 - val epoch: 176, loss: 0.3238
2024-04-08 04:18:59 - train: epoch 177, iter:0, loss: 0.1732, lr: 0.0005360813071670096
2024-04-08 04:19:01 - train: epoch 177, iter:20, loss: 0.1727, lr: 0.0005360813071670096
2024-04-08 04:19:03 - train: epoch 177, iter:40, loss: 0.1747, lr: 0.0005360813071670096
2024-04-08 04:19:05 - val epoch: 177, loss: 0.3049
2024-04-08 04:19:05 - train: epoch 178, iter:0, loss: 0.1999, lr: 0.0005670399506143308
2024-04-08 04:19:07 - train: epoch 178, iter:20, loss: 0.1894, lr: 0.0005670399506143308
2024-04-08 04:19:09 - train: epoch 178, iter:40, loss: 0.1774, lr: 0.0005670399506143308
2024-04-08 04:19:10 - val epoch: 178, loss: 0.3045
2024-04-08 04:19:11 - train: epoch 179, iter:0, loss: 0.2177, lr: 0.0005977537507199336
2024-04-08 04:19:13 - train: epoch 179, iter:20, loss: 0.2185, lr: 0.0005977537507199336
2024-04-08 04:19:14 - train: epoch 179, iter:40, loss: 0.1938, lr: 0.0005977537507199336
2024-04-08 04:19:16 - val epoch: 179, loss: 0.2608
2024-04-08 04:19:16 - train: epoch 180, iter:0, loss: 0.2594, lr: 0.0006281014941466028
2024-04-08 04:19:18 - train: epoch 180, iter:20, loss: 0.1831, lr: 0.0006281014941466028
2024-04-08 04:19:20 - train: epoch 180, iter:40, loss: 0.1809, lr: 0.0006281014941466028
2024-04-08 04:19:23 - val epoch: 180, loss: 0.2866, miou: 0.6916581080822659, f1_or_dsc: 0.8177280087243614, accuracy: 0.9721163940429688,                 specificity: 0.9889708659688569, sensitivity: 0.7790435283906976, confusion_matrix: [[8941429   99716]
 [ 174391  614864]]
2024-04-08 04:19:23 - train: epoch 181, iter:0, loss: 0.2154, lr: 0.0006579634122155985
2024-04-08 04:19:25 - train: epoch 181, iter:20, loss: 0.1810, lr: 0.0006579634122155985
2024-04-08 04:19:26 - train: epoch 181, iter:40, loss: 0.1792, lr: 0.0006579634122155985
2024-04-08 04:19:28 - val epoch: 181, loss: 0.3028
2024-04-08 04:19:28 - train: epoch 182, iter:0, loss: 0.2467, lr: 0.000687221653578915
2024-04-08 04:19:30 - train: epoch 182, iter:20, loss: 0.1954, lr: 0.000687221653578915
2024-04-08 04:19:32 - train: epoch 182, iter:40, loss: 0.1827, lr: 0.000687221653578915
2024-04-08 04:19:34 - val epoch: 182, loss: 0.2995
2024-04-08 04:19:34 - train: epoch 183, iter:0, loss: 0.3014, lr: 0.0007157607493247102
2024-04-08 04:19:36 - train: epoch 183, iter:20, loss: 0.1802, lr: 0.0007157607493247102
2024-04-08 04:19:38 - train: epoch 183, iter:40, loss: 0.1788, lr: 0.0007157607493247102
2024-04-08 04:19:39 - val epoch: 183, loss: 0.2806
2024-04-08 04:19:40 - train: epoch 184, iter:0, loss: 0.1743, lr: 0.0007434680686803483
2024-04-08 04:19:42 - train: epoch 184, iter:20, loss: 0.1769, lr: 0.0007434680686803483
2024-04-08 04:19:44 - train: epoch 184, iter:40, loss: 0.1848, lr: 0.0007434680686803483
2024-04-08 04:19:45 - val epoch: 184, loss: 0.2731
2024-04-08 04:19:46 - train: epoch 185, iter:0, loss: 0.2584, lr: 0.0007702342635146025
2024-04-08 04:19:47 - train: epoch 185, iter:20, loss: 0.1872, lr: 0.0007702342635146025
2024-04-08 04:19:50 - train: epoch 185, iter:40, loss: 0.1837, lr: 0.0007702342635146025
2024-04-08 04:19:51 - val epoch: 185, loss: 0.2642
2024-04-08 04:19:52 - train: epoch 186, iter:0, loss: 0.1739, lr: 0.000795953699884774
2024-04-08 04:19:53 - train: epoch 186, iter:20, loss: 0.1840, lr: 0.000795953699884774
2024-04-08 04:19:55 - train: epoch 186, iter:40, loss: 0.1833, lr: 0.000795953699884774
2024-04-08 04:19:57 - val epoch: 186, loss: 0.2853
2024-04-08 04:19:57 - train: epoch 187, iter:0, loss: 0.1868, lr: 0.000820524874925601
2024-04-08 04:19:59 - train: epoch 187, iter:20, loss: 0.1726, lr: 0.000820524874925601
2024-04-08 04:20:01 - train: epoch 187, iter:40, loss: 0.1713, lr: 0.000820524874925601
2024-04-08 04:20:03 - val epoch: 187, loss: 0.2899
2024-04-08 04:20:03 - train: epoch 188, iter:0, loss: 0.1663, lr: 0.0008438508174347011
2024-04-08 04:20:05 - train: epoch 188, iter:20, loss: 0.1749, lr: 0.0008438508174347011
2024-04-08 04:20:07 - train: epoch 188, iter:40, loss: 0.1722, lr: 0.0008438508174347011
2024-04-08 04:20:08 - val epoch: 188, loss: 0.3069
2024-04-08 04:20:09 - train: epoch 189, iter:0, loss: 0.1572, lr: 0.0008658394705735988
2024-04-08 04:20:10 - train: epoch 189, iter:20, loss: 0.1858, lr: 0.0008658394705735988
2024-04-08 04:20:12 - train: epoch 189, iter:40, loss: 0.1805, lr: 0.0008658394705735988
2024-04-08 04:20:14 - val epoch: 189, loss: 0.2926
2024-04-08 04:20:14 - train: epoch 190, iter:0, loss: 0.1751, lr: 0.0008864040551740157
2024-04-08 04:20:16 - train: epoch 190, iter:20, loss: 0.1795, lr: 0.0008864040551740157
2024-04-08 04:20:18 - train: epoch 190, iter:40, loss: 0.1731, lr: 0.0008864040551740157
2024-04-08 04:20:20 - val epoch: 190, loss: 0.2884
2024-04-08 04:20:20 - train: epoch 191, iter:0, loss: 0.2027, lr: 0.0009054634122155989
2024-04-08 04:20:22 - train: epoch 191, iter:20, loss: 0.1691, lr: 0.0009054634122155989
2024-04-08 04:20:23 - train: epoch 191, iter:40, loss: 0.1767, lr: 0.0009054634122155989
2024-04-08 04:20:25 - val epoch: 191, loss: 0.3336
2024-04-08 04:20:25 - train: epoch 192, iter:0, loss: 0.2359, lr: 0.0009229423231234973
2024-04-08 04:20:27 - train: epoch 192, iter:20, loss: 0.2439, lr: 0.0009229423231234973
2024-04-08 04:20:29 - train: epoch 192, iter:40, loss: 0.2212, lr: 0.0009229423231234973
2024-04-08 04:20:31 - val epoch: 192, loss: 0.2684
2024-04-08 04:20:31 - train: epoch 193, iter:0, loss: 0.1806, lr: 0.0009387718066217124
2024-04-08 04:20:33 - train: epoch 193, iter:20, loss: 0.1944, lr: 0.0009387718066217124
2024-04-08 04:20:35 - train: epoch 193, iter:40, loss: 0.1930, lr: 0.0009387718066217124
2024-04-08 04:20:36 - val epoch: 193, loss: 0.2700
2024-04-08 04:20:36 - train: epoch 194, iter:0, loss: 0.1927, lr: 0.0009528893909706795
2024-04-08 04:20:38 - train: epoch 194, iter:20, loss: 0.1838, lr: 0.0009528893909706795
2024-04-08 04:20:40 - train: epoch 194, iter:40, loss: 0.1890, lr: 0.0009528893909706795
2024-04-08 04:20:42 - val epoch: 194, loss: 0.2621
2024-04-08 04:20:42 - train: epoch 195, iter:0, loss: 0.2625, lr: 0.0009652393605146845
2024-04-08 04:20:45 - train: epoch 195, iter:20, loss: 0.1988, lr: 0.0009652393605146845
2024-04-08 04:20:46 - train: epoch 195, iter:40, loss: 0.2163, lr: 0.0009652393605146845
2024-04-08 04:20:48 - val epoch: 195, loss: 0.4125
2024-04-08 04:20:48 - train: epoch 196, iter:0, loss: 0.2412, lr: 0.0009757729755661011
2024-04-08 04:20:50 - train: epoch 196, iter:20, loss: 0.1936, lr: 0.0009757729755661011
2024-04-08 04:20:52 - train: epoch 196, iter:40, loss: 0.1881, lr: 0.0009757729755661011
2024-04-08 04:20:54 - val epoch: 196, loss: 0.2643
2024-04-08 04:20:54 - train: epoch 197, iter:0, loss: 0.1735, lr: 0.0009844486647586726
2024-04-08 04:20:56 - train: epoch 197, iter:20, loss: 0.1850, lr: 0.0009844486647586726
2024-04-08 04:20:58 - train: epoch 197, iter:40, loss: 0.1901, lr: 0.0009844486647586726
2024-04-08 04:21:00 - val epoch: 197, loss: 0.2662
2024-04-08 04:21:00 - train: epoch 198, iter:0, loss: 0.1400, lr: 0.000991232189110701
2024-04-08 04:21:02 - train: epoch 198, iter:20, loss: 0.1711, lr: 0.000991232189110701
2024-04-08 04:21:04 - train: epoch 198, iter:40, loss: 0.1766, lr: 0.000991232189110701
2024-04-08 04:21:05 - val epoch: 198, loss: 0.2835
2024-04-08 04:21:06 - train: epoch 199, iter:0, loss: 0.1671, lr: 0.0009960967771506667
2024-04-08 04:21:07 - train: epoch 199, iter:20, loss: 0.1690, lr: 0.0009960967771506667
2024-04-08 04:21:09 - train: epoch 199, iter:40, loss: 0.1726, lr: 0.0009960967771506667
2024-04-08 04:21:11 - val epoch: 199, loss: 0.2745
2024-04-08 04:21:11 - train: epoch 200, iter:0, loss: 0.1947, lr: 0.0009990232305719944
2024-04-08 04:21:13 - train: epoch 200, iter:20, loss: 0.1812, lr: 0.0009990232305719944
2024-04-08 04:21:15 - train: epoch 200, iter:40, loss: 0.1746, lr: 0.0009990232305719944
2024-04-08 04:21:17 - val epoch: 200, loss: 0.3176
2024-04-08 04:21:17 - train: epoch 201, iter:0, loss: 0.2014, lr: 0.001
2024-04-08 04:21:19 - train: epoch 201, iter:20, loss: 0.1924, lr: 0.001
2024-04-08 04:21:20 - train: epoch 201, iter:40, loss: 0.1881, lr: 0.001
2024-04-08 04:21:22 - val epoch: 201, loss: 0.3205
2024-04-08 04:21:22 - train: epoch 202, iter:0, loss: 0.1784, lr: 0.0009990232305719946
2024-04-08 04:21:24 - train: epoch 202, iter:20, loss: 0.1795, lr: 0.0009990232305719946
2024-04-08 04:21:26 - train: epoch 202, iter:40, loss: 0.1778, lr: 0.0009990232305719946
2024-04-08 04:21:28 - val epoch: 202, loss: 0.2721
2024-04-08 04:21:28 - train: epoch 203, iter:0, loss: 0.1400, lr: 0.0009960967771506667
2024-04-08 04:21:30 - train: epoch 203, iter:20, loss: 0.1706, lr: 0.0009960967771506667
2024-04-08 04:21:32 - train: epoch 203, iter:40, loss: 0.1801, lr: 0.0009960967771506667
2024-04-08 04:21:33 - val epoch: 203, loss: 0.2773
2024-04-08 04:21:34 - train: epoch 204, iter:0, loss: 0.2348, lr: 0.000991232189110701
2024-04-08 04:21:35 - train: epoch 204, iter:20, loss: 0.1840, lr: 0.000991232189110701
2024-04-08 04:21:37 - train: epoch 204, iter:40, loss: 0.1819, lr: 0.000991232189110701
2024-04-08 04:21:39 - val epoch: 204, loss: 0.2914
2024-04-08 04:21:39 - train: epoch 205, iter:0, loss: 0.1677, lr: 0.0009844486647586723
2024-04-08 04:21:41 - train: epoch 205, iter:20, loss: 0.1752, lr: 0.0009844486647586723
2024-04-08 04:21:43 - train: epoch 205, iter:40, loss: 0.1660, lr: 0.0009844486647586723
2024-04-08 04:21:45 - val epoch: 205, loss: 0.3050
2024-04-08 04:21:45 - train: epoch 206, iter:0, loss: 0.1394, lr: 0.0009757729755661011
2024-04-08 04:21:47 - train: epoch 206, iter:20, loss: 0.1718, lr: 0.0009757729755661011
2024-04-08 04:21:48 - train: epoch 206, iter:40, loss: 0.1718, lr: 0.0009757729755661011
2024-04-08 04:21:50 - val epoch: 206, loss: 0.2800
2024-04-08 04:21:50 - train: epoch 207, iter:0, loss: 0.1574, lr: 0.0009652393605146846
2024-04-08 04:21:52 - train: epoch 207, iter:20, loss: 0.1810, lr: 0.0009652393605146846
2024-04-08 04:21:54 - train: epoch 207, iter:40, loss: 0.1758, lr: 0.0009652393605146846
2024-04-08 04:21:56 - val epoch: 207, loss: 0.2958
2024-04-08 04:21:56 - train: epoch 208, iter:0, loss: 0.1422, lr: 0.0009528893909706799
2024-04-08 04:21:58 - train: epoch 208, iter:20, loss: 0.1585, lr: 0.0009528893909706799
2024-04-08 04:22:00 - train: epoch 208, iter:40, loss: 0.1640, lr: 0.0009528893909706799
2024-04-08 04:22:01 - val epoch: 208, loss: 0.2746
2024-04-08 04:22:02 - train: epoch 209, iter:0, loss: 0.1362, lr: 0.0009387718066217124
2024-04-08 04:22:04 - train: epoch 209, iter:20, loss: 0.1681, lr: 0.0009387718066217124
2024-04-08 04:22:05 - train: epoch 209, iter:40, loss: 0.1697, lr: 0.0009387718066217124
2024-04-08 04:22:07 - val epoch: 209, loss: 0.2844
2024-04-08 04:22:07 - train: epoch 210, iter:0, loss: 0.1564, lr: 0.0009229423231234975
2024-04-08 04:22:09 - train: epoch 210, iter:20, loss: 0.1613, lr: 0.0009229423231234975
2024-04-08 04:22:11 - train: epoch 210, iter:40, loss: 0.1774, lr: 0.0009229423231234975
2024-04-08 04:22:14 - val epoch: 210, loss: 0.2833, miou: 0.698281634960603, f1_or_dsc: 0.8223390285637775, accuracy: 0.9705751546223959,                 specificity: 0.9812582366503357, sensitivity: 0.8481973506661346, confusion_matrix: [[8871698  169447]
 [ 119811  669444]]
2024-04-08 04:22:14 - train: epoch 211, iter:0, loss: 0.2024, lr: 0.0009054634122155991
2024-04-08 04:22:16 - train: epoch 211, iter:20, loss: 0.1679, lr: 0.0009054634122155991
2024-04-08 04:22:17 - train: epoch 211, iter:40, loss: 0.1713, lr: 0.0009054634122155991
2024-04-08 04:22:19 - val epoch: 211, loss: 0.2641
2024-04-08 04:22:19 - train: epoch 212, iter:0, loss: 0.1510, lr: 0.000886404055174016
2024-04-08 04:22:21 - train: epoch 212, iter:20, loss: 0.2173, lr: 0.000886404055174016
2024-04-08 04:22:23 - train: epoch 212, iter:40, loss: 0.1990, lr: 0.000886404055174016
2024-04-08 04:22:25 - val epoch: 212, loss: 0.2792
2024-04-08 04:22:25 - train: epoch 213, iter:0, loss: 0.1593, lr: 0.0008658394705735985
2024-04-08 04:22:27 - train: epoch 213, iter:20, loss: 0.1680, lr: 0.0008658394705735985
2024-04-08 04:22:30 - train: epoch 213, iter:40, loss: 0.1788, lr: 0.0008658394705735985
2024-04-08 04:22:31 - val epoch: 213, loss: 0.2762
2024-04-08 04:22:31 - train: epoch 214, iter:0, loss: 0.1532, lr: 0.0008438508174347008
2024-04-08 04:22:33 - train: epoch 214, iter:20, loss: 0.1687, lr: 0.0008438508174347008
2024-04-08 04:22:35 - train: epoch 214, iter:40, loss: 0.1670, lr: 0.0008438508174347008
2024-04-08 04:22:37 - val epoch: 214, loss: 0.2718
2024-04-08 04:22:37 - train: epoch 215, iter:0, loss: 0.1286, lr: 0.0008205248749256014
2024-04-08 04:22:39 - train: epoch 215, iter:20, loss: 0.1643, lr: 0.0008205248749256014
2024-04-08 04:22:41 - train: epoch 215, iter:40, loss: 0.1695, lr: 0.0008205248749256014
2024-04-08 04:22:42 - val epoch: 215, loss: 0.2773
2024-04-08 04:22:43 - train: epoch 216, iter:0, loss: 0.1582, lr: 0.0007959536998847743
2024-04-08 04:22:45 - train: epoch 216, iter:20, loss: 0.1720, lr: 0.0007959536998847743
2024-04-08 04:22:47 - train: epoch 216, iter:40, loss: 0.1714, lr: 0.0007959536998847743
2024-04-08 04:22:48 - val epoch: 216, loss: 0.2778
2024-04-08 04:22:48 - train: epoch 217, iter:0, loss: 0.1254, lr: 0.0007702342635146037
2024-04-08 04:22:50 - train: epoch 217, iter:20, loss: 0.1683, lr: 0.0007702342635146037
2024-04-08 04:22:52 - train: epoch 217, iter:40, loss: 0.1610, lr: 0.0007702342635146037
2024-04-08 04:22:54 - val epoch: 217, loss: 0.2775
2024-04-08 04:22:54 - train: epoch 218, iter:0, loss: 0.1380, lr: 0.0007434680686803494
2024-04-08 04:22:56 - train: epoch 218, iter:20, loss: 0.1629, lr: 0.0007434680686803494
2024-04-08 04:22:58 - train: epoch 218, iter:40, loss: 0.1670, lr: 0.0007434680686803494
2024-04-08 04:22:59 - val epoch: 218, loss: 0.2749
2024-04-08 04:22:59 - train: epoch 219, iter:0, loss: 0.1315, lr: 0.0007157607493247116
2024-04-08 04:23:01 - train: epoch 219, iter:20, loss: 0.1696, lr: 0.0007157607493247116
2024-04-08 04:23:03 - train: epoch 219, iter:40, loss: 0.1736, lr: 0.0007157607493247116
2024-04-08 04:23:05 - val epoch: 219, loss: 0.2730
2024-04-08 04:23:05 - train: epoch 220, iter:0, loss: 0.1685, lr: 0.0006872216535789156
2024-04-08 04:23:07 - train: epoch 220, iter:20, loss: 0.1729, lr: 0.0006872216535789156
2024-04-08 04:23:09 - train: epoch 220, iter:40, loss: 0.1663, lr: 0.0006872216535789156
2024-04-08 04:23:10 - val epoch: 220, loss: 0.2758
2024-04-08 04:23:11 - train: epoch 221, iter:0, loss: 0.2003, lr: 0.0006579634122155991
2024-04-08 04:23:12 - train: epoch 221, iter:20, loss: 0.1610, lr: 0.0006579634122155991
2024-04-08 04:23:14 - train: epoch 221, iter:40, loss: 0.1586, lr: 0.0006579634122155991
2024-04-08 04:23:16 - val epoch: 221, loss: 0.2616
2024-04-08 04:23:16 - train: epoch 222, iter:0, loss: 0.1601, lr: 0.0006281014941466026
2024-04-08 04:23:18 - train: epoch 222, iter:20, loss: 0.1583, lr: 0.0006281014941466026
2024-04-08 04:23:20 - train: epoch 222, iter:40, loss: 0.1570, lr: 0.0006281014941466026
2024-04-08 04:23:21 - val epoch: 222, loss: 0.2762
2024-04-08 04:23:22 - train: epoch 223, iter:0, loss: 0.1315, lr: 0.0005977537507199333
2024-04-08 04:23:23 - train: epoch 223, iter:20, loss: 0.1618, lr: 0.0005977537507199333
2024-04-08 04:23:25 - train: epoch 223, iter:40, loss: 0.1622, lr: 0.0005977537507199333
2024-04-08 04:23:27 - val epoch: 223, loss: 0.2646
2024-04-08 04:23:27 - train: epoch 224, iter:0, loss: 0.1565, lr: 0.0005670399506143304
2024-04-08 04:23:29 - train: epoch 224, iter:20, loss: 0.1564, lr: 0.0005670399506143304
2024-04-08 04:23:31 - train: epoch 224, iter:40, loss: 0.1597, lr: 0.0005670399506143304
2024-04-08 04:23:33 - val epoch: 224, loss: 0.2631
2024-04-08 04:23:33 - train: epoch 225, iter:0, loss: 0.1262, lr: 0.00053608130716701
2024-04-08 04:23:35 - train: epoch 225, iter:20, loss: 0.1459, lr: 0.00053608130716701
2024-04-08 04:23:37 - train: epoch 225, iter:40, loss: 0.1514, lr: 0.00053608130716701
2024-04-08 04:23:39 - val epoch: 225, loss: 0.2750
2024-04-08 04:23:39 - train: epoch 226, iter:0, loss: 0.1558, lr: 0.0005050000000000001
2024-04-08 04:23:41 - train: epoch 226, iter:20, loss: 0.1552, lr: 0.0005050000000000001
2024-04-08 04:23:42 - train: epoch 226, iter:40, loss: 0.1539, lr: 0.0005050000000000001
2024-04-08 04:23:44 - val epoch: 226, loss: 0.2755
2024-04-08 04:23:44 - train: epoch 227, iter:0, loss: 0.1578, lr: 0.00047391869283299024
2024-04-08 04:23:46 - train: epoch 227, iter:20, loss: 0.1537, lr: 0.00047391869283299024
2024-04-08 04:23:48 - train: epoch 227, iter:40, loss: 0.1553, lr: 0.00047391869283299024
2024-04-08 04:23:50 - val epoch: 227, loss: 0.3195
2024-04-08 04:23:50 - train: epoch 228, iter:0, loss: 0.1706, lr: 0.00044296004938567
2024-04-08 04:23:52 - train: epoch 228, iter:20, loss: 0.1621, lr: 0.00044296004938567
2024-04-08 04:23:54 - train: epoch 228, iter:40, loss: 0.1625, lr: 0.00044296004938567
2024-04-08 04:23:55 - val epoch: 228, loss: 0.2724
2024-04-08 04:23:55 - train: epoch 229, iter:0, loss: 0.1384, lr: 0.00041224624928006703
2024-04-08 04:23:57 - train: epoch 229, iter:20, loss: 0.1518, lr: 0.00041224624928006703
2024-04-08 04:23:59 - train: epoch 229, iter:40, loss: 0.1545, lr: 0.00041224624928006703
2024-04-08 04:24:01 - val epoch: 229, loss: 0.2671
2024-04-08 04:24:01 - train: epoch 230, iter:0, loss: 0.1397, lr: 0.0003818985058533978
2024-04-08 04:24:03 - train: epoch 230, iter:20, loss: 0.1464, lr: 0.0003818985058533978
2024-04-08 04:24:05 - train: epoch 230, iter:40, loss: 0.1496, lr: 0.0003818985058533978
2024-04-08 04:24:06 - val epoch: 230, loss: 0.2748
2024-04-08 04:24:07 - train: epoch 231, iter:0, loss: 0.1665, lr: 0.0003520365877844004
2024-04-08 04:24:08 - train: epoch 231, iter:20, loss: 0.1536, lr: 0.0003520365877844004
2024-04-08 04:24:10 - train: epoch 231, iter:40, loss: 0.1487, lr: 0.0003520365877844004
2024-04-08 04:24:12 - val epoch: 231, loss: 0.2712
2024-04-08 04:24:12 - train: epoch 232, iter:0, loss: 0.1943, lr: 0.00032277834642108395
2024-04-08 04:24:14 - train: epoch 232, iter:20, loss: 0.1491, lr: 0.00032277834642108395
2024-04-08 04:24:16 - train: epoch 232, iter:40, loss: 0.1564, lr: 0.00032277834642108395
2024-04-08 04:24:18 - val epoch: 232, loss: 0.2718
2024-04-08 04:24:18 - train: epoch 233, iter:0, loss: 0.1257, lr: 0.0002942392506752888
2024-04-08 04:24:20 - train: epoch 233, iter:20, loss: 0.1492, lr: 0.0002942392506752888
2024-04-08 04:24:21 - train: epoch 233, iter:40, loss: 0.1473, lr: 0.0002942392506752888
2024-04-08 04:24:23 - val epoch: 233, loss: 0.2794
2024-04-08 04:24:23 - train: epoch 234, iter:0, loss: 0.1249, lr: 0.0002665319313196508
2024-04-08 04:24:25 - train: epoch 234, iter:20, loss: 0.1455, lr: 0.0002665319313196508
2024-04-08 04:24:27 - train: epoch 234, iter:40, loss: 0.1497, lr: 0.0002665319313196508
2024-04-08 04:24:29 - val epoch: 234, loss: 0.2834
2024-04-08 04:24:29 - train: epoch 235, iter:0, loss: 0.1356, lr: 0.0002397657364853967
2024-04-08 04:24:31 - train: epoch 235, iter:20, loss: 0.1587, lr: 0.0002397657364853967
2024-04-08 04:24:32 - train: epoch 235, iter:40, loss: 0.1503, lr: 0.0002397657364853967
2024-04-08 04:24:34 - val epoch: 235, loss: 0.2769
2024-04-08 04:24:34 - train: epoch 236, iter:0, loss: 0.1554, lr: 0.00021404630011522595
2024-04-08 04:24:36 - train: epoch 236, iter:20, loss: 0.1462, lr: 0.00021404630011522595
2024-04-08 04:24:38 - train: epoch 236, iter:40, loss: 0.1448, lr: 0.00021404630011522595
2024-04-08 04:24:40 - val epoch: 236, loss: 0.2762
2024-04-08 04:24:40 - train: epoch 237, iter:0, loss: 0.1847, lr: 0.0001894751250743989
2024-04-08 04:24:42 - train: epoch 237, iter:20, loss: 0.1481, lr: 0.0001894751250743989
2024-04-08 04:24:43 - train: epoch 237, iter:40, loss: 0.1484, lr: 0.0001894751250743989
2024-04-08 04:24:45 - val epoch: 237, loss: 0.2751
2024-04-08 04:24:45 - train: epoch 238, iter:0, loss: 0.1278, lr: 0.00016614918256529953
2024-04-08 04:24:47 - train: epoch 238, iter:20, loss: 0.1413, lr: 0.00016614918256529953
2024-04-08 04:24:49 - train: epoch 238, iter:40, loss: 0.1413, lr: 0.00016614918256529953
2024-04-08 04:24:51 - val epoch: 238, loss: 0.2774
2024-04-08 04:24:51 - train: epoch 239, iter:0, loss: 0.1475, lr: 0.0001441605294264018
2024-04-08 04:24:53 - train: epoch 239, iter:20, loss: 0.1476, lr: 0.0001441605294264018
2024-04-08 04:24:55 - train: epoch 239, iter:40, loss: 0.1448, lr: 0.0001441605294264018
2024-04-08 04:24:57 - val epoch: 239, loss: 0.2799
2024-04-08 04:24:57 - train: epoch 240, iter:0, loss: 0.1225, lr: 0.00012359594482598497
2024-04-08 04:24:59 - train: epoch 240, iter:20, loss: 0.1390, lr: 0.00012359594482598497
2024-04-08 04:25:01 - train: epoch 240, iter:40, loss: 0.1445, lr: 0.00012359594482598497
2024-04-08 04:25:03 - val epoch: 240, loss: 0.2806, miou: 0.7168048773603545, f1_or_dsc: 0.8350452480802201, accuracy: 0.9744839477539062,                 specificity: 0.9893298912914238, sensitivity: 0.8044193574953595, confusion_matrix: [[8944675   96470]
 [ 154363  634892]]
2024-04-08 04:25:03 - train: epoch 241, iter:0, loss: 0.1131, lr: 0.00010453658778440172
2024-04-08 04:25:05 - train: epoch 241, iter:20, loss: 0.1414, lr: 0.00010453658778440172
2024-04-08 04:25:07 - train: epoch 241, iter:40, loss: 0.1459, lr: 0.00010453658778440172
2024-04-08 04:25:09 - val epoch: 241, loss: 0.2812
2024-04-08 04:25:09 - train: epoch 242, iter:0, loss: 0.1479, lr: 8.705767687650232e-05
2024-04-08 04:25:11 - train: epoch 242, iter:20, loss: 0.1450, lr: 8.705767687650232e-05
2024-04-08 04:25:13 - train: epoch 242, iter:40, loss: 0.1449, lr: 8.705767687650232e-05
2024-04-08 04:25:15 - val epoch: 242, loss: 0.2771
2024-04-08 04:25:15 - train: epoch 243, iter:0, loss: 0.1445, lr: 7.122819337828741e-05
2024-04-08 04:25:17 - train: epoch 243, iter:20, loss: 0.1460, lr: 7.122819337828741e-05
2024-04-08 04:25:18 - train: epoch 243, iter:40, loss: 0.1423, lr: 7.122819337828741e-05
2024-04-08 04:25:20 - val epoch: 243, loss: 0.2764
2024-04-08 04:25:20 - train: epoch 244, iter:0, loss: 0.1245, lr: 5.711060902932031e-05
2024-04-08 04:25:22 - train: epoch 244, iter:20, loss: 0.1384, lr: 5.711060902932031e-05
2024-04-08 04:25:24 - train: epoch 244, iter:40, loss: 0.1423, lr: 5.711060902932031e-05
2024-04-08 04:25:26 - val epoch: 244, loss: 0.2779
2024-04-08 04:25:26 - train: epoch 245, iter:0, loss: 0.1139, lr: 4.4760639485315584e-05
2024-04-08 04:25:28 - train: epoch 245, iter:20, loss: 0.1399, lr: 4.4760639485315584e-05
2024-04-08 04:25:30 - train: epoch 245, iter:40, loss: 0.1414, lr: 4.4760639485315584e-05
2024-04-08 04:25:32 - val epoch: 245, loss: 0.2782
2024-04-08 04:25:32 - train: epoch 246, iter:0, loss: 0.1383, lr: 3.422702443389906e-05
2024-04-08 04:25:35 - train: epoch 246, iter:20, loss: 0.1435, lr: 3.422702443389906e-05
2024-04-08 04:25:36 - train: epoch 246, iter:40, loss: 0.1441, lr: 3.422702443389906e-05
2024-04-08 04:25:38 - val epoch: 246, loss: 0.2795
2024-04-08 04:25:38 - train: epoch 247, iter:0, loss: 0.1354, lr: 2.5551335241327733e-05
2024-04-08 04:25:40 - train: epoch 247, iter:20, loss: 0.1405, lr: 2.5551335241327733e-05
2024-04-08 04:25:42 - train: epoch 247, iter:40, loss: 0.1399, lr: 2.5551335241327733e-05
2024-04-08 04:25:44 - val epoch: 247, loss: 0.2795
2024-04-08 04:25:44 - train: epoch 248, iter:0, loss: 0.1548, lr: 1.8767810889299255e-05
2024-04-08 04:25:46 - train: epoch 248, iter:20, loss: 0.1413, lr: 1.8767810889299255e-05
2024-04-08 04:25:48 - train: epoch 248, iter:40, loss: 0.1414, lr: 1.8767810889299255e-05
2024-04-08 04:25:50 - val epoch: 248, loss: 0.2793
2024-04-08 04:25:50 - train: epoch 249, iter:0, loss: 0.1525, lr: 1.3903222849333564e-05
2024-04-08 04:25:52 - train: epoch 249, iter:20, loss: 0.1487, lr: 1.3903222849333564e-05
2024-04-08 04:25:54 - train: epoch 249, iter:40, loss: 0.1428, lr: 1.3903222849333564e-05
2024-04-08 04:25:55 - val epoch: 249, loss: 0.2792
2024-04-08 04:25:56 - train: epoch 250, iter:0, loss: 0.1487, lr: 1.0976769428005635e-05
2024-04-08 04:25:57 - train: epoch 250, iter:20, loss: 0.1340, lr: 1.0976769428005635e-05
2024-04-08 04:25:59 - train: epoch 250, iter:40, loss: 0.1432, lr: 1.0976769428005635e-05
2024-04-08 04:26:01 - val epoch: 250, loss: 0.2789
2024-04-08 04:27:03 - test of best model, loss: 0.3020,miou: 0.7762330923079184, f1_or_dsc: 0.8740216536550763, accuracy: 0.9628153228759766,                 specificity: 0.981364127222218, sensitivity: 0.8579865862180317, confusion_matrix: [[32787296   622623]
 [  839538  5072143]]
